#
# There is insufficient memory for the Java Runtime Environment to continue.
# Native memory allocation (malloc) failed to allocate 262160 bytes for Chunk::new
# Possible reasons:
#   The system is out of physical RAM or swap space
#   The process is running with CompressedOops enabled, and the Java Heap may be blocking the growth of the native heap
# Possible solutions:
#   Reduce memory load on the system
#   Increase physical memory or swap space
#   Check if swap backing store is full
#   Decrease Java heap size (-Xmx/-Xms)
#   Decrease number of Java threads
#   Decrease Java thread stack sizes (-Xss)
#   Set larger code cache with -XX:ReservedCodeCacheSize=
#   JVM is running with Unscaled Compressed Oops mode in which the Java heap is
#     placed in the first 4GB address space. The Java Heap base address is the
#     maximum limit for the native heap growth. Please use -XX:HeapBaseMinAddress
#     to set the Java Heap base and to place the Java Heap above 4GB virtual address.
# This output file may be truncated or incomplete.
#
#  Out of Memory Error (allocation.cpp:389), pid=193184, tid=0x000000000002e940
#
# JRE version: OpenJDK Runtime Environment (8.0_212-b04) (build 1.8.0_212-release-1586-b04)
# Java VM: OpenJDK 64-Bit Server VM (25.212-b04 mixed mode windows-amd64 compressed oops)
# Failed to write core dump. Minidumps are not enabled by default on client versions of Windows
#

---------------  T H R E A D  ---------------

Current thread (0x0000000015eac800):  JavaThread "C2 CompilerThread0" daemon [_thread_in_native, id=190784, stack(0x0000000017510000,0x0000000017610000)]

Stack: [0x0000000017510000,0x0000000017610000]
[error occurred during error reporting (printing stack bounds), id 0xc0000005]

Native frames: (J=compiled Java code, j=interpreted, Vv=VM code, C=native code)


Current CompileTask:
C2:  14597 4357   !   4       com.sun.beans.TypeResolver::resolve (274 bytes)


---------------  P R O C E S S  ---------------

Java Threads: ( => current thread )
  0x000000001bfaa800 JavaThread "Cache worker for Build Output Cleanup Cache (C:\Users\leand\OneDrive\Unicamp\si700-disp-moveis\atividades\ativ-4-1\.gradle\buildOutputCleanup)" [_thread_blocked, id=191380, stack(0x000000001fe00000,0x000000001ff00000)]
  0x000000001bfa3000 JavaThread "pool-1-thread-1" [_thread_blocked, id=191648, stack(0x000000001fb00000,0x000000001fc00000)]
  0x000000001bfa2000 JavaThread "Build operations Thread 4" [_thread_blocked, id=190308, stack(0x000000001f600000,0x000000001f700000)]
  0x000000001bfa6800 JavaThread "Build operations Thread 3" [_thread_blocked, id=185768, stack(0x000000001f500000,0x000000001f600000)]
  0x000000001bfa6000 JavaThread "Build operations Thread 2" [_thread_blocked, id=186472, stack(0x000000001f400000,0x000000001f500000)]
  0x000000001bfa1800 JavaThread "Build operations" [_thread_blocked, id=183080, stack(0x000000001f300000,0x000000001f400000)]
  0x000000001bfa4800 JavaThread "Cache worker for execution history cache (C:\Users\leand\.gradle\caches\5.6.4\executionHistory)" [_thread_blocked, id=191480, stack(0x000000001eec0000,0x000000001efc0000)]
  0x000000001bfa5000 JavaThread "Cache worker for cache directory md-rule (C:\Users\leand\.gradle\caches\5.6.4\md-rule)" [_thread_blocked, id=192640, stack(0x000000001f000000,0x000000001f100000)]
  0x000000001bfa3800 JavaThread "Cache worker for cache directory md-supplier (C:\Users\leand\.gradle\caches\5.6.4\md-supplier)" [_thread_blocked, id=188432, stack(0x000000001df50000,0x000000001e050000)]
  0x0000000018c74000 JavaThread "Cache worker for file hash cache (C:\Users\leand\OneDrive\Unicamp\si700-disp-moveis\atividades\ativ-4-1\.gradle\5.6.4\fileHashes)" [_thread_blocked, id=192260, stack(0x000000001ce20000,0x000000001cf20000)]
  0x0000000018c78000 JavaThread "Cache worker for journal cache (C:\Users\leand\.gradle\caches\journal-1)" [_thread_blocked, id=193280, stack(0x000000001bc50000,0x000000001bd50000)]
  0x0000000018c75800 JavaThread "File lock request listener" [_thread_in_native, id=191880, stack(0x000000001bb50000,0x000000001bc50000)]
  0x00000000178c8800 JavaThread "Cache worker for file hash cache (C:\Users\leand\.gradle\caches\5.6.4\fileHashes)" [_thread_blocked, id=190984, stack(0x000000001ba50000,0x000000001bb50000)]
  0x00000000197d1800 JavaThread "Thread-9" [_thread_blocked, id=193052, stack(0x000000001b750000,0x000000001b850000)]
  0x00000000197b9800 JavaThread "Stdin handler" [_thread_blocked, id=184012, stack(0x000000001b650000,0x000000001b750000)]
  0x00000000197b3000 JavaThread "Asynchronous log dispatcher for DefaultDaemonConnection: socket connection from /127.0.0.1:43757 to /127.0.0.1:43758" [_thread_blocked, id=192616, stack(0x000000001b550000,0x000000001b650000)]
  0x00000000197e5800 JavaThread "Daemon worker" [_thread_in_Java, id=182788, stack(0x000000001b450000,0x000000001b550000)]
  0x00000000197e0000 JavaThread "Cancel handler" [_thread_blocked, id=183640, stack(0x000000001b350000,0x000000001b450000)]
  0x000000001979e800 JavaThread "Handler for socket connection from /127.0.0.1:43757 to /127.0.0.1:43758" [_thread_in_native, id=189124, stack(0x000000001b050000,0x000000001b150000)]
  0x0000000019799800 JavaThread "Daemon" [_thread_blocked, id=184728, stack(0x000000001af50000,0x000000001b050000)]
  0x000000001978a000 JavaThread "Daemon periodic checks" [_thread_blocked, id=191212, stack(0x000000001ae50000,0x000000001af50000)]
  0x0000000019711000 JavaThread "Incoming local TCP Connector on port 43757" [_thread_in_native, id=191708, stack(0x000000001abf0000,0x000000001acf0000)]
  0x0000000019545000 JavaThread "Daemon health stats" [_thread_blocked, id=186416, stack(0x00000000195e0000,0x00000000196e0000)]
  0x000000001783a800 JavaThread "Service Thread" daemon [_thread_blocked, id=193132, stack(0x0000000017c10000,0x0000000017d10000)]
  0x0000000015ee2000 JavaThread "C1 CompilerThread2" daemon [_thread_blocked, id=192280, stack(0x0000000017710000,0x0000000017810000)]
  0x0000000015eb0800 JavaThread "C2 CompilerThread1" daemon [_thread_in_native, id=190772, stack(0x0000000017610000,0x0000000017710000)]
=>0x0000000015eac800 JavaThread "C2 CompilerThread0" daemon [_thread_in_native, id=190784, stack(0x0000000017510000,0x0000000017610000)]
  0x0000000015eab800 JavaThread "Attach Listener" daemon [_thread_blocked, id=110176, stack(0x0000000017410000,0x0000000017510000)]
  0x0000000015eaa000 JavaThread "Signal Dispatcher" daemon [_thread_blocked, id=183328, stack(0x0000000017310000,0x0000000017410000)]
  0x0000000002515800 JavaThread "Finalizer" daemon [_thread_blocked, id=190320, stack(0x0000000017100000,0x0000000017200000)]
  0x0000000015e99000 JavaThread "Reference Handler" daemon [_thread_blocked, id=193204, stack(0x0000000017000000,0x0000000017100000)]
  0x00000000022fe800 JavaThread "main" [_thread_blocked, id=193176, stack(0x0000000002320000,0x0000000002420000)]

Other Threads:
  0x0000000015e76800 VMThread [stack: 0x0000000016f00000,0x0000000017000000] [id=193440]
  0x0000000015f0e800 WatcherThread [stack: 0x0000000017d10000,0x0000000017e10000] [id=191652]

VM state:not at safepoint (normal execution)

VM Mutex/Monitor currently owned by a thread: None

heap address: 0x00000000a0000000, size: 1536 MB, Compressed Oops mode: 32-bit
Narrow klass base: 0x0000000000000000, Narrow klass shift: 3
Compressed class space size: 1073741824 Address: 0x0000000100000000

Heap:
 PSYoungGen      total 167424K, used 137667K [0x00000000e0000000, 0x00000000eb880000, 0x0000000100000000)
  eden space 153600K, 89% used [0x00000000e0000000,0x00000000e8670d78,0x00000000e9600000)
  from space 13824K, 0% used [0x00000000ea500000,0x00000000ea500000,0x00000000eb280000)
  to   space 15360K, 0% used [0x00000000e9600000,0x00000000e9600000,0x00000000ea500000)
 ParOldGen       total 84480K, used 18763K [0x00000000a0000000, 0x00000000a5280000, 0x00000000e0000000)
  object space 84480K, 22% used [0x00000000a0000000,0x00000000a1252e48,0x00000000a5280000)
 Metaspace       used 47683K, capacity 48926K, committed 49280K, reserved 1091584K
  class space    used 6372K, capacity 6672K, committed 6784K, reserved 1048576K

Card table byte_map: [0x00000000118e0000,0x0000000011bf0000] byte_map_base: 0x00000000113e0000

Marking Bits: (ParMarkBitMap*) 0x000000005dea9f30
 Begin Bits: [0x00000000121f0000, 0x00000000139f0000)
 End Bits:   [0x00000000139f0000, 0x00000000151f0000)

Polling page: 0x00000000022c0000

CodeCache: size=245760Kb used=14006Kb max_used=14006Kb free=231753Kb
 bounds [0x0000000002520000, 0x00000000032e0000, 0x0000000011520000]
 total_blobs=4828 nmethods=4061 adapters=680
 compilation: enabled

Compilation events (10 events):
Event: 14.568 Thread 0x0000000015ee2000 4367       1       org.gradle.internal.metaobject.BeanDynamicObject::access$500 (5 bytes)
Event: 14.568 Thread 0x0000000015ee2000 nmethod 4367 0x00000000032ce250 code [0x00000000032ce3a0, 0x00000000032ce490]
Event: 14.585 Thread 0x0000000015ee2000 4368       3       org.codehaus.groovy.reflection.ClassInfo$LazyCachedClassRef::initValue (5 bytes)
Event: 14.586 Thread 0x0000000015ee2000 nmethod 4368 0x00000000032d80d0 code [0x00000000032d8260, 0x00000000032d8648]
Event: 14.586 Thread 0x0000000015ee2000 4369       3       org.codehaus.groovy.reflection.ClassInfo$LazyCachedClassRef::initValue (21 bytes)
Event: 14.587 Thread 0x0000000015ee2000 nmethod 4369 0x00000000032d8810 code [0x00000000032d8980, 0x00000000032d8d08]
Event: 14.587 Thread 0x0000000015ee2000 4370       3       org.codehaus.groovy.reflection.ClassInfo::access$300 (6 bytes)
Event: 14.587 Thread 0x0000000015ee2000 nmethod 4370 0x00000000032d8e50 code [0x00000000032d8fc0, 0x00000000032d9128]
Event: 14.587 Thread 0x0000000015ee2000 4371       3       org.codehaus.groovy.reflection.stdclasses.CachedSAMClass$1::run (5 bytes)
Event: 14.587 Thread 0x0000000015ee2000 nmethod 4371 0x00000000032d91d0 code [0x00000000032d9380, 0x00000000032d9778]

GC Heap History (10 events):
Event: 6.090 GC heap before
{Heap before GC invocations=4 (full 0):
 PSYoungGen      total 57344K, used 55935K [0x00000000e0000000, 0x00000000e7000000, 0x0000000100000000)
  eden space 49152K, 97% used [0x00000000e0000000,0x00000000e2ea5268,0x00000000e3000000)
  from space 8192K, 99% used [0x00000000e3000000,0x00000000e37fad68,0x00000000e3800000)
  to   space 8192K, 0% used [0x00000000e6800000,0x00000000e6800000,0x00000000e7000000)
 ParOldGen       total 131072K, used 1255K [0x00000000a0000000, 0x00000000a8000000, 0x00000000e0000000)
  object space 131072K, 0% used [0x00000000a0000000,0x00000000a0139f80,0x00000000a8000000)
 Metaspace       used 20676K, capacity 21230K, committed 21296K, reserved 1067008K
  class space    used 2986K, capacity 3197K, committed 3200K, reserved 1048576K
Event: 6.113 GC heap after
Heap after GC invocations=4 (full 0):
 PSYoungGen      total 106496K, used 8179K [0x00000000e0000000, 0x00000000e7000000, 0x0000000100000000)
  eden space 98304K, 0% used [0x00000000e0000000,0x00000000e0000000,0x00000000e6000000)
  from space 8192K, 99% used [0x00000000e6800000,0x00000000e6ffced8,0x00000000e7000000)
  to   space 8192K, 0% used [0x00000000e6000000,0x00000000e6000000,0x00000000e6800000)
 ParOldGen       total 131072K, used 4374K [0x00000000a0000000, 0x00000000a8000000, 0x00000000e0000000)
  object space 131072K, 3% used [0x00000000a0000000,0x00000000a0445b88,0x00000000a8000000)
 Metaspace       used 20676K, capacity 21230K, committed 21296K, reserved 1067008K
  class space    used 2986K, capacity 3197K, committed 3200K, reserved 1048576K
}
Event: 6.113 GC heap before
{Heap before GC invocations=5 (full 1):
 PSYoungGen      total 106496K, used 8179K [0x00000000e0000000, 0x00000000e7000000, 0x0000000100000000)
  eden space 98304K, 0% used [0x00000000e0000000,0x00000000e0000000,0x00000000e6000000)
  from space 8192K, 99% used [0x00000000e6800000,0x00000000e6ffced8,0x00000000e7000000)
  to   space 8192K, 0% used [0x00000000e6000000,0x00000000e6000000,0x00000000e6800000)
 ParOldGen       total 131072K, used 4374K [0x00000000a0000000, 0x00000000a8000000, 0x00000000e0000000)
  object space 131072K, 3% used [0x00000000a0000000,0x00000000a0445b88,0x00000000a8000000)
 Metaspace       used 20676K, capacity 21230K, committed 21296K, reserved 1067008K
  class space    used 2986K, capacity 3197K, committed 3200K, reserved 1048576K
Event: 6.172 GC heap after
Heap after GC invocations=5 (full 1):
 PSYoungGen      total 106496K, used 0K [0x00000000e0000000, 0x00000000e7000000, 0x0000000100000000)
  eden space 98304K, 0% used [0x00000000e0000000,0x00000000e0000000,0x00000000e6000000)
  from space 8192K, 0% used [0x00000000e6800000,0x00000000e6800000,0x00000000e7000000)
  to   space 8192K, 0% used [0x00000000e6000000,0x00000000e6000000,0x00000000e6800000)
 ParOldGen       total 84480K, used 10966K [0x00000000a0000000, 0x00000000a5280000, 0x00000000e0000000)
  object space 84480K, 12% used [0x00000000a0000000,0x00000000a0ab5a70,0x00000000a5280000)
 Metaspace       used 20676K, capacity 21230K, committed 21296K, reserved 1067008K
  class space    used 2986K, capacity 3197K, committed 3200K, reserved 1048576K
}
Event: 8.648 GC heap before
{Heap before GC invocations=6 (full 1):
 PSYoungGen      total 106496K, used 98304K [0x00000000e0000000, 0x00000000e7000000, 0x0000000100000000)
  eden space 98304K, 100% used [0x00000000e0000000,0x00000000e6000000,0x00000000e6000000)
  from space 8192K, 0% used [0x00000000e6800000,0x00000000e6800000,0x00000000e7000000)
  to   space 8192K, 0% used [0x00000000e6000000,0x00000000e6000000,0x00000000e6800000)
 ParOldGen       total 84480K, used 10966K [0x00000000a0000000, 0x00000000a5280000, 0x00000000e0000000)
  object space 84480K, 12% used [0x00000000a0000000,0x00000000a0ab5a70,0x00000000a5280000)
 Metaspace       used 30441K, capacity 31048K, committed 31232K, reserved 1077248K
  class space    used 4134K, capacity 4307K, committed 4352K, reserved 1048576K
Event: 8.680 GC heap after
Heap after GC invocations=6 (full 1):
 PSYoungGen      total 106496K, used 8187K [0x00000000e0000000, 0x00000000eb280000, 0x0000000100000000)
  eden space 98304K, 0% used [0x00000000e0000000,0x00000000e0000000,0x00000000e6000000)
  from space 8192K, 99% used [0x00000000e6000000,0x00000000e67feea8,0x00000000e6800000)
  to   space 13824K, 0% used [0x00000000ea500000,0x00000000ea500000,0x00000000eb280000)
 ParOldGen       total 84480K, used 13059K [0x00000000a0000000, 0x00000000a5280000, 0x00000000e0000000)
  object space 84480K, 15% used [0x00000000a0000000,0x00000000a0cc0ef0,0x00000000a5280000)
 Metaspace       used 30441K, capacity 31048K, committed 31232K, reserved 1077248K
  class space    used 4134K, capacity 4307K, committed 4352K, reserved 1048576K
}
Event: 10.990 GC heap before
{Heap before GC invocations=7 (full 1):
 PSYoungGen      total 106496K, used 96023K [0x00000000e0000000, 0x00000000eb280000, 0x0000000100000000)
  eden space 98304K, 89% used [0x00000000e0000000,0x00000000e55c6fe8,0x00000000e6000000)
  from space 8192K, 99% used [0x00000000e6000000,0x00000000e67feea8,0x00000000e6800000)
  to   space 13824K, 0% used [0x00000000ea500000,0x00000000ea500000,0x00000000eb280000)
 ParOldGen       total 84480K, used 13059K [0x00000000a0000000, 0x00000000a5280000, 0x00000000e0000000)
  object space 84480K, 15% used [0x00000000a0000000,0x00000000a0cc0ef0,0x00000000a5280000)
 Metaspace       used 34591K, capacity 35416K, committed 35456K, reserved 1079296K
  class space    used 4745K, capacity 4961K, committed 4992K, reserved 1048576K
Event: 11.037 GC heap after
Heap after GC invocations=7 (full 1):
 PSYoungGen      total 167424K, used 12082K [0x00000000e0000000, 0x00000000eb880000, 0x0000000100000000)
  eden space 153600K, 0% used [0x00000000e0000000,0x00000000e0000000,0x00000000e9600000)
  from space 13824K, 87% used [0x00000000ea500000,0x00000000eb0cc9a0,0x00000000eb280000)
  to   space 15360K, 0% used [0x00000000e9600000,0x00000000e9600000,0x00000000ea500000)
 ParOldGen       total 84480K, used 13067K [0x00000000a0000000, 0x00000000a5280000, 0x00000000e0000000)
  object space 84480K, 15% used [0x00000000a0000000,0x00000000a0cc2ef0,0x00000000a5280000)
 Metaspace       used 34591K, capacity 35416K, committed 35456K, reserved 1079296K
  class space    used 4745K, capacity 4961K, committed 4992K, reserved 1048576K
}
Event: 11.037 GC heap before
{Heap before GC invocations=8 (full 2):
 PSYoungGen      total 167424K, used 12082K [0x00000000e0000000, 0x00000000eb880000, 0x0000000100000000)
  eden space 153600K, 0% used [0x00000000e0000000,0x00000000e0000000,0x00000000e9600000)
  from space 13824K, 87% used [0x00000000ea500000,0x00000000eb0cc9a0,0x00000000eb280000)
  to   space 15360K, 0% used [0x00000000e9600000,0x00000000e9600000,0x00000000ea500000)
 ParOldGen       total 84480K, used 13067K [0x00000000a0000000, 0x00000000a5280000, 0x00000000e0000000)
  object space 84480K, 15% used [0x00000000a0000000,0x00000000a0cc2ef0,0x00000000a5280000)
 Metaspace       used 34591K, capacity 35416K, committed 35456K, reserved 1079296K
  class space    used 4745K, capacity 4961K, committed 4992K, reserved 1048576K
Event: 11.226 GC heap after
Heap after GC invocations=8 (full 2):
 PSYoungGen      total 167424K, used 0K [0x00000000e0000000, 0x00000000eb880000, 0x0000000100000000)
  eden space 153600K, 0% used [0x00000000e0000000,0x00000000e0000000,0x00000000e9600000)
  from space 13824K, 0% used [0x00000000ea500000,0x00000000ea500000,0x00000000eb280000)
  to   space 15360K, 0% used [0x00000000e9600000,0x00000000e9600000,0x00000000ea500000)
 ParOldGen       total 84480K, used 18763K [0x00000000a0000000, 0x00000000a5280000, 0x00000000e0000000)
  object space 84480K, 22% used [0x00000000a0000000,0x00000000a1252e48,0x00000000a5280000)
 Metaspace       used 34591K, capacity 35416K, committed 35456K, reserved 1079296K
  class space    used 4745K, capacity 4961K, committed 4992K, reserved 1048576K
}

Deoptimization events (10 events):
Event: 13.039 Thread 0x00000000197e5800 Uncommon trap: reason=unstable_if action=reinterpret pc=0x0000000003093efc method=java.security.CodeSource.matchCerts(Ljava/security/CodeSource;Z)Z @ 11
Event: 13.089 Thread 0x00000000197e5800 Uncommon trap: reason=unstable_if action=reinterpret pc=0x0000000002dca0dc method=org.objectweb.asm.ByteVector.putUTF8(Ljava/lang/String;)Lorg/objectweb/asm/ByteVector; @ 93
Event: 13.486 Thread 0x00000000197e5800 Uncommon trap: reason=unstable_if action=reinterpret pc=0x0000000003096748 method=java.util.concurrent.ConcurrentHashMap.addCount(JI)V @ 110
Event: 13.809 Thread 0x00000000197e5800 Uncommon trap: reason=unstable_if action=reinterpret pc=0x000000000320652c method=com.google.gson.stream.JsonReader.doPeek()I @ 315
Event: 14.012 Thread 0x00000000197e5800 Uncommon trap: reason=unstable_if action=reinterpret pc=0x0000000002e5e30c method=org.gradle.internal.reflect.PropertyAccessorType.of(Ljava/lang/reflect/Method;)Lorg/gradle/internal/reflect/PropertyAccessorType; @ 56
Event: 14.344 Thread 0x00000000197e5800 Uncommon trap: reason=speculate_class_check action=maybe_recompile pc=0x0000000002fd52e8 method=com.google.common.collect.AbstractIndexedListIterator.next()Ljava/lang/Object; @ 27
Event: 14.344 Thread 0x00000000197e5800 Uncommon trap: reason=speculate_class_check action=maybe_recompile pc=0x0000000002fd52e8 method=com.google.common.collect.AbstractIndexedListIterator.next()Ljava/lang/Object; @ 27
Event: 14.344 Thread 0x00000000197e5800 Uncommon trap: reason=speculate_class_check action=maybe_recompile pc=0x0000000002fd52e8 method=com.google.common.collect.AbstractIndexedListIterator.next()Ljava/lang/Object; @ 27
Event: 14.344 Thread 0x00000000197e5800 Uncommon trap: reason=speculate_class_check action=maybe_recompile pc=0x0000000002fd52e8 method=com.google.common.collect.AbstractIndexedListIterator.next()Ljava/lang/Object; @ 27
Event: 14.367 Thread 0x00000000197e5800 Uncommon trap: reason=unstable_if action=reinterpret pc=0x00000000030f211c method=org.gradle.internal.instantiation.AbstractClassGenerator$InjectionAnnotationValidator.validateMethod(Ljava/lang/reflect/Method;Lorg/gradle/internal/reflect/PropertyAccessorT

Classes redefined (0 events):
No events

Internal exceptions (10 events):
Event: 14.514 Thread 0x00000000197e5800 Exception <a 'java/lang/ClassNotFoundException': org/gradle/api/internal/AbstractNamedDomainObjectContainerBeanInfo> (0x00000000e82d5040) thrown at [D:\src\AOSP-openjdk-cygwin\jdk8u\hotspot\src\share\vm\classfile\systemDictionary.cpp, line 210]
Event: 14.517 Thread 0x00000000197e5800 Exception <a 'java/lang/ClassNotFoundException': org/gradle/api/internal/DefaultNamedDomainObjectSetBeanInfo> (0x00000000e8312dc0) thrown at [D:\src\AOSP-openjdk-cygwin\jdk8u\hotspot\src\share\vm\classfile\systemDictionary.cpp, line 210]
Event: 14.519 Thread 0x00000000197e5800 Exception <a 'java/lang/ClassNotFoundException': org/gradle/api/internal/DefaultNamedDomainObjectSetCustomizer> (0x00000000e8351968) thrown at [D:\src\AOSP-openjdk-cygwin\jdk8u\hotspot\src\share\vm\classfile\systemDictionary.cpp, line 210]
Event: 14.524 Thread 0x00000000197e5800 Exception <a 'java/lang/ClassNotFoundException': org/gradle/api/internal/AbstractNamedDomainObjectContainerCustomizer> (0x00000000e83af4f0) thrown at [D:\src\AOSP-openjdk-cygwin\jdk8u\hotspot\src\share\vm\classfile\systemDictionary.cpp, line 210]
Event: 14.526 Thread 0x00000000197e5800 Exception <a 'java/lang/ClassNotFoundException': org/gradle/api/internal/FactoryNamedDomainObjectContainerCustomizer> (0x00000000e840b300) thrown at [D:\src\AOSP-openjdk-cygwin\jdk8u\hotspot\src\share\vm\classfile\systemDictionary.cpp, line 210]
Event: 14.528 Thread 0x00000000197e5800 Exception <a 'java/lang/ClassNotFoundException': org/gradle/api/internal/FactoryNamedDomainObjectContainer_DecoratedCustomizer> (0x00000000e845f790) thrown at [D:\src\AOSP-openjdk-cygwin\jdk8u\hotspot\src\share\vm\classfile\systemDictionary.cpp, line 210]
Event: 14.541 Thread 0x00000000197e5800 Exception <a 'java/lang/ClassNotFoundException': build_8fxgpbkb2mp5b4el2mxjcjy62$_run_closure1$_closure4BeanInfo> (0x00000000e84bd3a8) thrown at [D:\src\AOSP-openjdk-cygwin\jdk8u\hotspot\src\share\vm\classfile\systemDictionary.cpp, line 210]
Event: 14.548 Thread 0x00000000197e5800 Exception <a 'java/lang/ClassNotFoundException': build_8fxgpbkb2mp5b4el2mxjcjy62$_run_closure1$_closure4Customizer> (0x00000000e84cf240) thrown at [D:\src\AOSP-openjdk-cygwin\jdk8u\hotspot\src\share\vm\classfile\systemDictionary.cpp, line 210]
Event: 14.557 Thread 0x00000000197e5800 Exception <a 'java/lang/ClassNotFoundException': build_8fxgpbkb2mp5b4el2mxjcjy62$_run_closure1BeanInfo> (0x00000000e84f9290) thrown at [D:\src\AOSP-openjdk-cygwin\jdk8u\hotspot\src\share\vm\classfile\systemDictionary.cpp, line 210]
Event: 14.559 Thread 0x00000000197e5800 Exception <a 'java/lang/ClassNotFoundException': build_8fxgpbkb2mp5b4el2mxjcjy62$_run_closure1Customizer> (0x00000000e850a650) thrown at [D:\src\AOSP-openjdk-cygwin\jdk8u\hotspot\src\share\vm\classfile\systemDictionary.cpp, line 210]

Events (10 events):
Event: 14.559 loading class build_8fxgpbkb2mp5b4el2mxjcjy62$_run_closure1Customizer
Event: 14.559 loading class build_8fxgpbkb2mp5b4el2mxjcjy62$_run_closure1Customizer done
Event: 14.567 loading class groovy/runtime/metaclass/build_8fxgpbkb2mp5b4el2mxjcjy62$_run_closure2MetaClass
Event: 14.567 loading class groovy/runtime/metaclass/build_8fxgpbkb2mp5b4el2mxjcjy62$_run_closure2MetaClass done
Event: 14.569 loading class org/gradle/api/internal/file/collections/DefaultConfigurableFileTree
Event: 14.569 loading class org/gradle/api/internal/file/collections/DefaultConfigurableFileTree done
Event: 14.570 loading class org/gradle/api/internal/file/CompositeFileTree
Event: 14.570 loading class org/gradle/api/internal/file/CompositeFileTree done
Event: 14.581 loading class groovy/runtime/metaclass/org/gradle/api/internal/file/collections/DefaultConfigurableFileTreeMetaClass
Event: 14.581 loading class groovy/runtime/metaclass/org/gradle/api/internal/file/collections/DefaultConfigurableFileTreeMetaClass done


Dynamic libraries:
0x00007ff608750000 - 0x00007ff608781000 	C:\Program Files\Android\Android Studio\jre\bin\java.exe
0x00007ff989ef0000 - 0x00007ff98a0e4000 	C:\WINDOWS\SYSTEM32\ntdll.dll
0x00007ff988020000 - 0x00007ff9880dd000 	C:\WINDOWS\System32\KERNEL32.DLL
0x00007ff987c50000 - 0x00007ff987f17000 	C:\WINDOWS\System32\KERNELBASE.dll
0x00007ff988ee0000 - 0x00007ff988f8a000 	C:\WINDOWS\System32\ADVAPI32.dll
0x00007ff9888c0000 - 0x00007ff98895e000 	C:\WINDOWS\System32\msvcrt.dll
0x00007ff987f50000 - 0x00007ff987feb000 	C:\WINDOWS\System32\sechost.dll
0x00007ff9880e0000 - 0x00007ff988203000 	C:\WINDOWS\System32\RPCRT4.dll
0x00007ff989100000 - 0x00007ff9892a0000 	C:\WINDOWS\System32\USER32.dll
0x00007ff9876e0000 - 0x00007ff987702000 	C:\WINDOWS\System32\win32u.dll
0x00007ff988210000 - 0x00007ff98823a000 	C:\WINDOWS\System32\GDI32.dll
0x00007ff987b40000 - 0x00007ff987c4a000 	C:\WINDOWS\System32\gdi32full.dll
0x00007ff987aa0000 - 0x00007ff987b3d000 	C:\WINDOWS\System32\msvcp_win.dll
0x00007ff987940000 - 0x00007ff987a40000 	C:\WINDOWS\System32\ucrtbase.dll
0x00007ff9792b0000 - 0x00007ff97954a000 	C:\WINDOWS\WinSxS\amd64_microsoft.windows.common-controls_6595b64144ccf1df_6.0.19041.1_none_b555e41d4684ddec\COMCTL32.dll
0x00007ff989070000 - 0x00007ff9890a0000 	C:\WINDOWS\System32\IMM32.DLL
0x000000005cc70000 - 0x000000005cd42000 	C:\Program Files\Android\Android Studio\jre\jre\bin\msvcr100.dll
0x000000005d6e0000 - 0x000000005df26000 	C:\Program Files\Android\Android Studio\jre\jre\bin\server\jvm.dll
0x00007ff988010000 - 0x00007ff988018000 	C:\WINDOWS\System32\PSAPI.DLL
0x00007ff976bd0000 - 0x00007ff976bd9000 	C:\WINDOWS\SYSTEM32\WSOCK32.dll
0x00007ff988770000 - 0x00007ff9887db000 	C:\WINDOWS\System32\WS2_32.dll
0x00007ff97f530000 - 0x00007ff97f557000 	C:\WINDOWS\SYSTEM32\WINMM.dll
0x00007ff97f560000 - 0x00007ff97f56a000 	C:\WINDOWS\SYSTEM32\VERSION.dll
0x00007ff981e60000 - 0x00007ff981e6f000 	C:\Program Files\Android\Android Studio\jre\jre\bin\verify.dll
0x00007ff978340000 - 0x00007ff978369000 	C:\Program Files\Android\Android Studio\jre\jre\bin\java.dll
0x00007ff981780000 - 0x00007ff981796000 	C:\Program Files\Android\Android Studio\jre\jre\bin\zip.dll
0x00007ff9892a0000 - 0x00007ff9899d1000 	C:\WINDOWS\System32\SHELL32.dll
0x00007ff9857a0000 - 0x00007ff985f2a000 	C:\WINDOWS\SYSTEM32\windows.storage.dll
0x00007ff9889c0000 - 0x00007ff988d14000 	C:\WINDOWS\System32\combase.dll
0x00007ff986f10000 - 0x00007ff986f3b000 	C:\WINDOWS\SYSTEM32\Wldp.dll
0x00007ff989b10000 - 0x00007ff989bbe000 	C:\WINDOWS\System32\SHCORE.dll
0x00007ff988860000 - 0x00007ff9888b5000 	C:\WINDOWS\System32\shlwapi.dll
0x00007ff987570000 - 0x00007ff98758f000 	C:\WINDOWS\SYSTEM32\profapi.dll
0x00007ff978320000 - 0x00007ff97833a000 	C:\Program Files\Android\Android Studio\jre\jre\bin\net.dll
0x00007ff97a4d0000 - 0x00007ff97a6bd000 	C:\WINDOWS\SYSTEM32\urlmon.dll
0x00007ff97a800000 - 0x00007ff97aaae000 	C:\WINDOWS\SYSTEM32\iertutil.dll
0x00007ff986d00000 - 0x00007ff986d6a000 	C:\WINDOWS\system32\mswsock.dll
0x00007ff975640000 - 0x00007ff975653000 	C:\Program Files\Android\Android Studio\jre\jre\bin\nio.dll
0x00007ff95bc90000 - 0x00007ff95bcb6000 	C:\Users\leand\.gradle\native\30\windows-amd64\native-platform.dll
0x00007ff97bda0000 - 0x00007ff97bdad000 	C:\Program Files\Android\Android Studio\jre\jre\bin\management.dll
0x00007ff986f50000 - 0x00007ff986f68000 	C:\WINDOWS\SYSTEM32\CRYPTSP.dll
0x00007ff9866b0000 - 0x00007ff9866e4000 	C:\WINDOWS\system32\rsaenh.dll
0x00007ff987f20000 - 0x00007ff987f47000 	C:\WINDOWS\System32\bcrypt.dll
0x00007ff987530000 - 0x00007ff98755e000 	C:\WINDOWS\SYSTEM32\USERENV.dll
0x00007ff987710000 - 0x00007ff98778f000 	C:\WINDOWS\System32\bcryptprimitives.dll
0x00007ff986e80000 - 0x00007ff986e8c000 	C:\WINDOWS\SYSTEM32\CRYPTBASE.dll
0x00007ff986a10000 - 0x00007ff986a4b000 	C:\WINDOWS\SYSTEM32\IPHLPAPI.DLL
0x00007ff989b00000 - 0x00007ff989b09000 	C:\WINDOWS\System32\NSI.dll
0x00007ff981020000 - 0x00007ff981037000 	C:\WINDOWS\SYSTEM32\dhcpcsvc6.DLL
0x00007ff980f70000 - 0x00007ff980f8d000 	C:\WINDOWS\SYSTEM32\dhcpcsvc.DLL
0x00007ff986a50000 - 0x00007ff986b1a000 	C:\WINDOWS\SYSTEM32\DNSAPI.dll

VM Arguments:
jvm_args: -Xmx1536m -Dfile.encoding=windows-1252 -Duser.country=BR -Duser.language=pt -Duser.variant 
java_command: org.gradle.launcher.daemon.bootstrap.GradleDaemon 5.6.4
java_class_path (initial): C:\Users\leand\.gradle\wrapper\dists\gradle-5.6.4-all\ankdp27end7byghfw1q2sw75f\gradle-5.6.4\lib\gradle-launcher-5.6.4.jar
Launcher Type: SUN_STANDARD

Environment Variables:
JAVA_HOME=C:\Program Files\Java\jdk1.8.0_241
PATH=C:\Program Files\AdoptOpenJDK\jdk-11.0.6.10-hotspot\bin;C:\VulkanSDK\1.1.130.0\Bin;C:\Program Files (x86)\Common Files\Oracle\Java\javapath;C:\WINDOWS\system32;C:\WINDOWS;C:\WINDOWS\System32\Wbem;C:\WINDOWS\System32\WindowsPowerShell\v1.0\;C:\WINDOWS\System32\OpenSSH\;C:\Program Files\Git\cmd;C:\apache-maven-3.6.3\bin;C:\axis2-1.7.9\bin;C:\MinGW\bin;C:\Program Files\OpenSSL-Win64\bin;C:\Program Files\dotnet\;C:\xampp\php;C:\Program Files\Java\jdk1.8.0_241\bin;C:\Program Files\Docker\Docker\resources\bin;C:\ProgramData\DockerDesktop\version-bin;C:\Program Files\PuTTY\;C:\Go\bin;C:\Program Files\nodejs\;%GOPATH%\bin;C:\ProgramData\ComposerSetup\bin;C:\Program Files (x86)\WinMerge;C:\Users\leand\AppData\Local\Microsoft\WindowsApps;;C:\Users\leand\AppData\Local\Programs\Microsoft VS Code\bin;C:\Users\leand\go\bin;C:\Users\leand\AppData\Roaming\npm;C:\Users\leand\AppData\Roaming\Composer\vendor\bin;C:\Program Files (x86)\Nmap
USERNAME=leand
OS=Windows_NT
PROCESSOR_IDENTIFIER=AMD64 Family 21 Model 19 Stepping 1, AuthenticAMD



---------------  S Y S T E M  ---------------

OS: Windows 10.0 , 64 bit Build 19041 (10.0.19041.1)

CPU:total 4 (initial active 4) (4 cores per cpu, 1 threads per core) family 21 model 19 stepping 1, cmov, cx8, fxsr, mmx, sse, sse2, sse3, ssse3, sse4.1, sse4.2, popcnt, avx, aes, clmul, mmxext, 3dnowpref, lzcnt, sse4a, tsc, tscinvbit, tscinv, bmi1

Memory: 4k page, physical 12463284k(1893172k free), swap 16559280k(5792k free)

vm_info: OpenJDK 64-Bit Server VM (25.212-b04) for windows-amd64 JRE (1.8.0_212-release-1586-b04), built by "builder" with MS VC++ 10.0 (VS2010)

time: Mon Apr 13 21:48:23 2020
timezone: Hora oficial do Brasil
elapsed time: 14 seconds (0d 0h 0m 14s)

