#
# There is insufficient memory for the Java Runtime Environment to continue.
# Native memory allocation (malloc) failed to allocate 373872 bytes for Chunk::new
# Possible reasons:
#   The system is out of physical RAM or swap space
#   The process is running with CompressedOops enabled, and the Java Heap may be blocking the growth of the native heap
# Possible solutions:
#   Reduce memory load on the system
#   Increase physical memory or swap space
#   Check if swap backing store is full
#   Decrease Java heap size (-Xmx/-Xms)
#   Decrease number of Java threads
#   Decrease Java thread stack sizes (-Xss)
#   Set larger code cache with -XX:ReservedCodeCacheSize=
#   JVM is running with Unscaled Compressed Oops mode in which the Java heap is
#     placed in the first 4GB address space. The Java Heap base address is the
#     maximum limit for the native heap growth. Please use -XX:HeapBaseMinAddress
#     to set the Java Heap base and to place the Java Heap above 4GB virtual address.
# This output file may be truncated or incomplete.
#
#  Out of Memory Error (allocation.cpp:389), pid=135364, tid=0x00000000000182c8
#
# JRE version: OpenJDK Runtime Environment (8.0_212-b04) (build 1.8.0_212-release-1586-b04)
# Java VM: OpenJDK 64-Bit Server VM (25.212-b04 mixed mode windows-amd64 compressed oops)
# Failed to write core dump. Minidumps are not enabled by default on client versions of Windows
#

---------------  T H R E A D  ---------------

Current thread (0x0000000016608800):  JavaThread "C2 CompilerThread0" daemon [_thread_in_native, id=99016, stack(0x0000000017c70000,0x0000000017d70000)]

Stack: [0x0000000017c70000,0x0000000017d70000]
[error occurred during error reporting (printing stack bounds), id 0xc0000005]

Native frames: (J=compiled Java code, j=interpreted, Vv=VM code, C=native code)


Current CompileTask:
C2:2083853 12160       4       org.gradle.internal.serialize.ExceptionReplacingObjectOutputStream::replaceObject (11 bytes)


---------------  P R O C E S S  ---------------

Java Threads: ( => current thread )
  0x000000001e458000 JavaThread "ForkJoinPool.commonPool-worker-1" daemon [_thread_in_native, id=159928, stack(0x00000000246e0000,0x00000000247e0000)]
  0x000000001e44b000 JavaThread "stdout" [_thread_in_native, id=188388, stack(0x0000000025780000,0x0000000025880000)]
  0x000000001e452000 JavaThread "stderr" [_thread_in_native, id=188708, stack(0x0000000025680000,0x0000000025780000)]
  0x000000001e44d000 JavaThread "stdout" [_thread_in_native, id=187792, stack(0x0000000025580000,0x0000000025680000)]
  0x000000001e44f000 JavaThread "stderr" [_thread_in_native, id=189116, stack(0x0000000025480000,0x0000000025580000)]
  0x000000001e44c000 JavaThread "stdout" [_thread_in_native, id=187664, stack(0x00000000251e0000,0x00000000252e0000)]
  0x000000001e451800 JavaThread "stderr" [_thread_in_native, id=161812, stack(0x00000000250e0000,0x00000000251e0000)]
  0x000000001e450000 JavaThread "WorkerExecutor Queue Thread 4" [_thread_blocked, id=187440, stack(0x0000000024fe0000,0x00000000250e0000)]
  0x000000001e450800 JavaThread "WorkerExecutor Queue Thread 3" [_thread_blocked, id=189520, stack(0x0000000024ee0000,0x0000000024fe0000)]
  0x000000001a98e800 JavaThread "WorkerExecutor Queue Thread 2" [_thread_blocked, id=192096, stack(0x0000000024de0000,0x0000000024ee0000)]
  0x000000001a994800 JavaThread "WorkerExecutor Queue" [_thread_blocked, id=189684, stack(0x0000000024ce0000,0x0000000024de0000)]
  0x000000001a98f800 JavaThread "Cache worker for execution history cache (C:\Users\leand\OneDrive\Unicamp\si700-disp-moveis\atividades\ativ-4-1\.gradle\5.6.4\executionHistory)" [_thread_blocked, id=187684, stack(0x00000000249e0000,0x0000000024ae0000)]
  0x000000001a0a2800 JavaThread "Cache worker for file content cache (C:\Users\leand\OneDrive\Unicamp\si700-disp-moveis\atividades\ativ-4-1\.gradle\5.6.4\fileContent)" [_thread_blocked, id=182228, stack(0x00000000245e0000,0x00000000246e0000)]
  0x000000001a0a2000 JavaThread "Cache worker for file content cache (C:\Users\leand\.gradle\caches\5.6.4\fileContent)" [_thread_blocked, id=189536, stack(0x0000000021920000,0x0000000021a20000)]
  0x000000001a0a7000 JavaThread "Cache worker for Build Output Cleanup Cache (C:\Users\leand\OneDrive\Unicamp\si700-disp-moveis\atividades\ativ-4-1\.gradle\buildOutputCleanup)" [_thread_blocked, id=187852, stack(0x0000000021620000,0x0000000021720000)]
  0x000000001a0a6800 JavaThread "pool-3-thread-1" [_thread_blocked, id=184704, stack(0x0000000021120000,0x0000000021220000)]
  0x000000001d663800 JavaThread "Build operations Thread 4" [_thread_blocked, id=186428, stack(0x0000000021020000,0x0000000021120000)]
  0x000000001d662000 JavaThread "Build operations Thread 3" [_thread_blocked, id=185948, stack(0x0000000020f20000,0x0000000021020000)]
  0x000000001d660000 JavaThread "Build operations Thread 2" [_thread_blocked, id=189624, stack(0x0000000020e20000,0x0000000020f20000)]
  0x000000001d664800 JavaThread "Build operations" [_thread_blocked, id=163544, stack(0x000000001f1d0000,0x000000001f2d0000)]
  0x000000001d65c000 JavaThread "Cache worker for cache directory md-rule (C:\Users\leand\.gradle\caches\5.6.4\md-rule)" [_thread_blocked, id=188996, stack(0x000000001f0d0000,0x000000001f1d0000)]
  0x000000001d661800 JavaThread "Cache worker for cache directory md-supplier (C:\Users\leand\.gradle\caches\5.6.4\md-supplier)" [_thread_blocked, id=56356, stack(0x000000001e550000,0x000000001e650000)]
  0x000000001d65f000 JavaThread "Cache worker for file hash cache (C:\Users\leand\OneDrive\Unicamp\si700-disp-moveis\atividades\ativ-4-1\.gradle\5.6.4\fileHashes)" [_thread_blocked, id=191100, stack(0x000000001beb0000,0x000000001bfb0000)]
  0x000000001d660800 JavaThread "Thread-28" [_thread_blocked, id=191348, stack(0x000000001bbb0000,0x000000001bcb0000)]
  0x000000001d657800 JavaThread "Stdin handler" [_thread_blocked, id=187048, stack(0x000000001bab0000,0x000000001bbb0000)]
  0x000000001d65b800 JavaThread "Asynchronous log dispatcher for DefaultDaemonConnection: socket connection from /127.0.0.1:40591 to /127.0.0.1:43606" [_thread_blocked, id=191104, stack(0x000000001b7b0000,0x000000001b8b0000)]
  0x000000001d65e800 JavaThread "Daemon worker Thread 2" [_thread_in_native, id=190216, stack(0x000000001b6b0000,0x000000001b7b0000)]
  0x000000001d658800 JavaThread "Cancel handler" [_thread_blocked, id=184372, stack(0x0000000001120000,0x0000000001220000)]
  0x000000001d65a800 JavaThread "Handler for socket connection from /127.0.0.1:40591 to /127.0.0.1:43606" [_thread_in_native, id=181844, stack(0x0000000001020000,0x0000000001120000)]
  0x000000001d65d000 JavaThread "Daemon Thread 2" [_thread_blocked, id=200252, stack(0x0000000000f20000,0x0000000001020000)]
  0x000000001d656000 JavaThread "Memory manager" [_thread_blocked, id=155812, stack(0x00000000236e0000,0x00000000237e0000)]
  0x000000001d65a000 JavaThread "Cache worker for execution history cache (C:\Users\leand\.gradle\caches\5.6.4\executionHistory)" [_thread_blocked, id=151292, stack(0x000000001f2d0000,0x000000001f3d0000)]
  0x000000001a0a3800 JavaThread "Cache worker for journal cache (C:\Users\leand\.gradle\caches\journal-1)" [_thread_blocked, id=151312, stack(0x000000001c3b0000,0x000000001c4b0000)]
  0x000000001a0a8000 JavaThread "File lock request listener" [_thread_in_native, id=150260, stack(0x000000001c2b0000,0x000000001c3b0000)]
  0x0000000018610800 JavaThread "Cache worker for file hash cache (C:\Users\leand\.gradle\caches\5.6.4\fileHashes)" [_thread_blocked, id=153576, stack(0x000000001c1b0000,0x000000001c2b0000)]
  0x0000000019eb9800 JavaThread "Daemon periodic checks" [_thread_blocked, id=156068, stack(0x000000001b5b0000,0x000000001b6b0000)]
  0x0000000019e5d800 JavaThread "Incoming local TCP Connector on port 40591" [_thread_in_native, id=153848, stack(0x000000001b350000,0x000000001b450000)]
  0x0000000019d3e800 JavaThread "Daemon health stats" [_thread_blocked, id=21180, stack(0x000000001ad10000,0x000000001ae10000)]
  0x0000000017e77000 JavaThread "Service Thread" daemon [_thread_blocked, id=153052, stack(0x0000000018370000,0x0000000018470000)]
  0x0000000017e72000 JavaThread "C1 CompilerThread2" daemon [_thread_blocked, id=154400, stack(0x0000000018270000,0x0000000018370000)]
  0x000000001660b800 JavaThread "C2 CompilerThread1" daemon [_thread_in_native, id=154116, stack(0x0000000017d70000,0x0000000017e70000)]
=>0x0000000016608800 JavaThread "C2 CompilerThread0" daemon [_thread_in_native, id=99016, stack(0x0000000017c70000,0x0000000017d70000)]
  0x0000000016616000 JavaThread "Attach Listener" daemon [_thread_blocked, id=151212, stack(0x0000000017b70000,0x0000000017c70000)]
  0x0000000016615000 JavaThread "Signal Dispatcher" daemon [_thread_blocked, id=135284, stack(0x0000000017a70000,0x0000000017b70000)]
  0x0000000002c9b000 JavaThread "Finalizer" daemon [_thread_blocked, id=63864, stack(0x0000000017860000,0x0000000017960000)]
  0x00000000165f9000 JavaThread "Reference Handler" daemon [_thread_blocked, id=152036, stack(0x0000000017760000,0x0000000017860000)]
  0x0000000002b9e800 JavaThread "main" [_thread_blocked, id=149828, stack(0x00000000029c0000,0x0000000002ac0000)]

Other Threads:
  0x00000000165d6800 VMThread [stack: 0x0000000017660000,0x0000000017760000] [id=152452]
  0x0000000017e78000 WatcherThread [stack: 0x0000000018470000,0x0000000018570000] [id=153844]

VM state:not at safepoint (normal execution)

VM Mutex/Monitor currently owned by a thread: None

heap address: 0x00000000a0000000, size: 1536 MB, Compressed Oops mode: 32-bit
Narrow klass base: 0x0000000000000000, Narrow klass shift: 3
Compressed class space size: 1073741824 Address: 0x0000000100000000

Heap:
 PSYoungGen      total 282112K, used 189016K [0x00000000e0000000, 0x00000000f3700000, 0x0000000100000000)
  eden space 258048K, 63% used [0x00000000e0000000,0x00000000ea11ad50,0x00000000efc00000)
  from space 24064K, 99% used [0x00000000f1b00000,0x00000000f327b500,0x00000000f3280000)
  to   space 30208K, 0% used [0x00000000efc00000,0x00000000efc00000,0x00000000f1980000)
 ParOldGen       total 186368K, used 43986K [0x00000000a0000000, 0x00000000ab600000, 0x00000000e0000000)
  object space 186368K, 23% used [0x00000000a0000000,0x00000000a2af4a98,0x00000000ab600000)
 Metaspace       used 79613K, capacity 83068K, committed 83200K, reserved 1122304K
  class space    used 10455K, capacity 11190K, committed 11264K, reserved 1048576K

Card table byte_map: [0x0000000012060000,0x0000000012370000] byte_map_base: 0x0000000011b60000

Marking Bits: (ParMarkBitMap*) 0x000000005dea9f30
 Begin Bits: [0x0000000012970000, 0x0000000014170000)
 End Bits:   [0x0000000014170000, 0x0000000015970000)

Polling page: 0x00000000009a0000

CodeCache: size=245760Kb used=34624Kb max_used=35257Kb free=211135Kb
 bounds [0x0000000002ca0000, 0x0000000004f40000, 0x0000000011ca0000]
 total_blobs=11219 nmethods=10372 adapters=760
 compilation: enabled

Compilation events (10 events):
Event: 2083.815 Thread 0x0000000017e72000 nmethod 12166 0x0000000004d04d10 code [0x0000000004d04e60, 0x0000000004d05050]
Event: 2083.815 Thread 0x0000000017e72000 12167       3       java.lang.reflect.ReflectAccess::newConstructor (21 bytes)
Event: 2083.815 Thread 0x0000000017e72000 nmethod 12167 0x0000000002e19bd0 code [0x0000000002e19d40, 0x0000000002e19f68]
Event: 2083.815 Thread 0x0000000017e72000 12168       3       org.gradle.tooling.internal.provider.serialization.PayloadSerializerObjectOutputStream::writeClass (14 bytes)
Event: 2083.816 Thread 0x0000000017e72000 nmethod 12168 0x0000000004c43e90 code [0x0000000004c44040, 0x0000000004c44538]
Event: 2083.816 Thread 0x0000000017e72000 12169       3       org.gradle.tooling.internal.provider.serialization.PayloadSerializerObjectOutputStream::writeClassLoader (38 bytes)
Event: 2083.817 Thread 0x0000000017e72000 nmethod 12169 0x0000000004c52f50 code [0x0000000004c53120, 0x0000000004c53948]
Event: 2083.825 Thread 0x000000001660b800 12170   !   4       java.io.ObjectOutputStream::writeOrdinaryObject (175 bytes)
Event: 2083.832 Thread 0x000000001660b800 nmethod 12170 0x0000000004c42210 code [0x0000000004c423c0, 0x0000000004c42900]
Event: 2083.845 Thread 0x000000001660b800 12171   !   4       org.gradle.internal.serialize.ExceptionReplacingObjectOutputStream$1::transform (15 bytes)

GC Heap History (10 events):
Event: 13.611 GC heap before
{Heap before GC invocations=9 (full 2):
 PSYoungGen      total 176128K, used 163328K [0x00000000e0000000, 0x00000000eba80000, 0x0000000100000000)
  eden space 163328K, 100% used [0x00000000e0000000,0x00000000e9f80000,0x00000000e9f80000)
  from space 12800K, 0% used [0x00000000eae00000,0x00000000eae00000,0x00000000eba80000)
  to   space 13824K, 0% used [0x00000000e9f80000,0x00000000e9f80000,0x00000000ead00000)
 ParOldGen       total 123904K, used 17337K [0x00000000a0000000, 0x00000000a7900000, 0x00000000e0000000)
  object space 123904K, 13% used [0x00000000a0000000,0x00000000a10ee620,0x00000000a7900000)
 Metaspace       used 47309K, capacity 48564K, committed 48896K, reserved 1091584K
  class space    used 6257K, capacity 6567K, committed 6656K, reserved 1048576K
Event: 13.643 GC heap after
Heap after GC invocations=9 (full 2):
 PSYoungGen      total 177152K, used 13816K [0x00000000e0000000, 0x00000000f0180000, 0x0000000100000000)
  eden space 163328K, 0% used [0x00000000e0000000,0x00000000e0000000,0x00000000e9f80000)
  from space 13824K, 99% used [0x00000000e9f80000,0x00000000eacfe0a8,0x00000000ead00000)
  to   space 17408K, 0% used [0x00000000ef080000,0x00000000ef080000,0x00000000f0180000)
 ParOldGen       total 123904K, used 20478K [0x00000000a0000000, 0x00000000a7900000, 0x00000000e0000000)
  object space 123904K, 16% used [0x00000000a0000000,0x00000000a13ffb20,0x00000000a7900000)
 Metaspace       used 47309K, capacity 48564K, committed 48896K, reserved 1091584K
  class space    used 6257K, capacity 6567K, committed 6656K, reserved 1048576K
}
Event: 17.312 GC heap before
{Heap before GC invocations=10 (full 2):
 PSYoungGen      total 177152K, used 152393K [0x00000000e0000000, 0x00000000f0180000, 0x0000000100000000)
  eden space 163328K, 84% used [0x00000000e0000000,0x00000000e87546f8,0x00000000e9f80000)
  from space 13824K, 99% used [0x00000000e9f80000,0x00000000eacfe0a8,0x00000000ead00000)
  to   space 17408K, 0% used [0x00000000ef080000,0x00000000ef080000,0x00000000f0180000)
 ParOldGen       total 123904K, used 20478K [0x00000000a0000000, 0x00000000a7900000, 0x00000000e0000000)
  object space 123904K, 16% used [0x00000000a0000000,0x00000000a13ffb20,0x00000000a7900000)
 Metaspace       used 57207K, capacity 59148K, committed 59160K, reserved 1099776K
  class space    used 7707K, capacity 8191K, committed 8192K, reserved 1048576K
Event: 17.354 GC heap after
Heap after GC invocations=10 (full 2):
 PSYoungGen      total 241152K, used 17405K [0x00000000e0000000, 0x00000000f0880000, 0x0000000100000000)
  eden space 223744K, 0% used [0x00000000e0000000,0x00000000e0000000,0x00000000eda80000)
  from space 17408K, 99% used [0x00000000ef080000,0x00000000f017f660,0x00000000f0180000)
  to   space 22528K, 0% used [0x00000000eda80000,0x00000000eda80000,0x00000000ef080000)
 ParOldGen       total 123904K, used 26593K [0x00000000a0000000, 0x00000000a7900000, 0x00000000e0000000)
  object space 123904K, 21% used [0x00000000a0000000,0x00000000a19f8570,0x00000000a7900000)
 Metaspace       used 57207K, capacity 59148K, committed 59160K, reserved 1099776K
  class space    used 7707K, capacity 8191K, committed 8192K, reserved 1048576K
}
Event: 17.354 GC heap before
{Heap before GC invocations=11 (full 3):
 PSYoungGen      total 241152K, used 17405K [0x00000000e0000000, 0x00000000f0880000, 0x0000000100000000)
  eden space 223744K, 0% used [0x00000000e0000000,0x00000000e0000000,0x00000000eda80000)
  from space 17408K, 99% used [0x00000000ef080000,0x00000000f017f660,0x00000000f0180000)
  to   space 22528K, 0% used [0x00000000eda80000,0x00000000eda80000,0x00000000ef080000)
 ParOldGen       total 123904K, used 26593K [0x00000000a0000000, 0x00000000a7900000, 0x00000000e0000000)
  object space 123904K, 21% used [0x00000000a0000000,0x00000000a19f8570,0x00000000a7900000)
 Metaspace       used 57207K, capacity 59148K, committed 59160K, reserved 1099776K
  class space    used 7707K, capacity 8191K, committed 8192K, reserved 1048576K
Event: 17.618 GC heap after
Heap after GC invocations=11 (full 3):
 PSYoungGen      total 241152K, used 0K [0x00000000e0000000, 0x00000000f0880000, 0x0000000100000000)
  eden space 223744K, 0% used [0x00000000e0000000,0x00000000e0000000,0x00000000eda80000)
  from space 17408K, 0% used [0x00000000ef080000,0x00000000ef080000,0x00000000f0180000)
  to   space 22528K, 0% used [0x00000000eda80000,0x00000000eda80000,0x00000000ef080000)
 ParOldGen       total 186368K, used 36805K [0x00000000a0000000, 0x00000000ab600000, 0x00000000e0000000)
  object space 186368K, 19% used [0x00000000a0000000,0x00000000a23f1440,0x00000000ab600000)
 Metaspace       used 57203K, capacity 59136K, committed 59160K, reserved 1099776K
  class space    used 7706K, capacity 8189K, committed 8192K, reserved 1048576K
}
Event: 23.021 GC heap before
{Heap before GC invocations=12 (full 3):
 PSYoungGen      total 241152K, used 223744K [0x00000000e0000000, 0x00000000f0880000, 0x0000000100000000)
  eden space 223744K, 100% used [0x00000000e0000000,0x00000000eda80000,0x00000000eda80000)
  from space 17408K, 0% used [0x00000000ef080000,0x00000000ef080000,0x00000000f0180000)
  to   space 22528K, 0% used [0x00000000eda80000,0x00000000eda80000,0x00000000ef080000)
 ParOldGen       total 186368K, used 36805K [0x00000000a0000000, 0x00000000ab600000, 0x00000000e0000000)
  object space 186368K, 19% used [0x00000000a0000000,0x00000000a23f1440,0x00000000ab600000)
 Metaspace       used 66359K, capacity 68896K, committed 68992K, reserved 1107968K
  class space    used 9060K, capacity 9571K, committed 9600K, reserved 1048576K
Event: 23.051 GC heap after
Heap after GC invocations=12 (full 3):
 PSYoungGen      total 246272K, used 18727K [0x00000000e0000000, 0x00000000f3280000, 0x0000000100000000)
  eden space 223744K, 0% used [0x00000000e0000000,0x00000000e0000000,0x00000000eda80000)
  from space 22528K, 83% used [0x00000000eda80000,0x00000000eecc9f70,0x00000000ef080000)
  to   space 24064K, 0% used [0x00000000f1b00000,0x00000000f1b00000,0x00000000f3280000)
 ParOldGen       total 186368K, used 36813K [0x00000000a0000000, 0x00000000ab600000, 0x00000000e0000000)
  object space 186368K, 19% used [0x00000000a0000000,0x00000000a23f3440,0x00000000ab600000)
 Metaspace       used 66359K, capacity 68896K, committed 68992K, reserved 1107968K
  class space    used 9060K, capacity 9571K, committed 9600K, reserved 1048576K
}
Event: 2068.975 GC heap before
{Heap before GC invocations=13 (full 3):
 PSYoungGen      total 246272K, used 242471K [0x00000000e0000000, 0x00000000f3280000, 0x0000000100000000)
  eden space 223744K, 100% used [0x00000000e0000000,0x00000000eda80000,0x00000000eda80000)
  from space 22528K, 83% used [0x00000000eda80000,0x00000000eecc9f70,0x00000000ef080000)
  to   space 24064K, 0% used [0x00000000f1b00000,0x00000000f1b00000,0x00000000f3280000)
 ParOldGen       total 186368K, used 36813K [0x00000000a0000000, 0x00000000ab600000, 0x00000000e0000000)
  object space 186368K, 19% used [0x00000000a0000000,0x00000000a23f3440,0x00000000ab600000)
 Metaspace       used 75747K, capacity 79010K, committed 79104K, reserved 1118208K
  class space    used 9979K, capacity 10663K, committed 10752K, reserved 1048576K
Event: 2069.068 GC heap after
Heap after GC invocations=13 (full 3):
 PSYoungGen      total 282112K, used 24045K [0x00000000e0000000, 0x00000000f3700000, 0x0000000100000000)
  eden space 258048K, 0% used [0x00000000e0000000,0x00000000e0000000,0x00000000efc00000)
  from space 24064K, 99% used [0x00000000f1b00000,0x00000000f327b500,0x00000000f3280000)
  to   space 30208K, 0% used [0x00000000efc00000,0x00000000efc00000,0x00000000f1980000)
 ParOldGen       total 186368K, used 43986K [0x00000000a0000000, 0x00000000ab600000, 0x00000000e0000000)
  object space 186368K, 23% used [0x00000000a0000000,0x00000000a2af4a98,0x00000000ab600000)
 Metaspace       used 75747K, capacity 79010K, committed 79104K, reserved 1118208K
  class space    used 9979K, capacity 10663K, committed 10752K, reserved 1048576K
}

Deoptimization events (10 events):
Event: 2083.603 Thread 0x000000001d65e800 Uncommon trap: reason=unstable_if action=reinterpret pc=0x000000000312c1e0 method=org.gradle.internal.logging.text.AbstractLineChoppingStyledTextOutput$2.execute(Lorg/gradle/internal/logging/text/AbstractLineChoppingStyledTextOutput$StateContext;)V @ 30
Event: 2083.603 Thread 0x000000001d65e800 Uncommon trap: reason=bimorphic action=maybe_recompile pc=0x00000000047c049c method=org.gradle.internal.logging.text.AbstractStyledTextOutput.text(Ljava/lang/Object;)Lorg/gradle/internal/logging/text/StyledTextOutput; @ 11
Event: 2083.605 Thread 0x000000001d65e800 Uncommon trap: reason=unstable_if action=reinterpret pc=0x00000000030b3f84 method=org.gradle.internal.logging.text.AbstractLineChoppingStyledTextOutput$2.execute(Lorg/gradle/internal/logging/text/AbstractLineChoppingStyledTextOutput$StateContext;)V @ 30
Event: 2083.605 Thread 0x000000001d65e800 Uncommon trap: reason=bimorphic action=maybe_recompile pc=0x00000000047c049c method=org.gradle.internal.logging.text.AbstractStyledTextOutput.text(Ljava/lang/Object;)Lorg/gradle/internal/logging/text/StyledTextOutput; @ 11
Event: 2083.605 Thread 0x000000001d65e800 Uncommon trap: reason=unstable_if action=reinterpret pc=0x00000000030b5f24 method=org.gradle.internal.logging.text.AbstractLineChoppingStyledTextOutput$2.execute(Lorg/gradle/internal/logging/text/AbstractLineChoppingStyledTextOutput$StateContext;)V @ 30
Event: 2083.610 Thread 0x000000001d65e800 Uncommon trap: reason=unstable_if action=reinterpret pc=0x00000000030b37d8 method=org.gradle.internal.logging.text.AbstractLineChoppingStyledTextOutput$2.execute(Lorg/gradle/internal/logging/text/AbstractLineChoppingStyledTextOutput$StateContext;)V @ 30
Event: 2083.632 Thread 0x000000001d65e800 Uncommon trap: reason=class_check action=maybe_recompile pc=0x0000000002e893e0 method=java.lang.String.equals(Ljava/lang/Object;)Z @ 8
Event: 2083.632 Thread 0x000000001d65e800 Uncommon trap: reason=class_check action=maybe_recompile pc=0x0000000002e893e0 method=java.lang.String.equals(Ljava/lang/Object;)Z @ 8
Event: 2083.632 Thread 0x000000001d65e800 Uncommon trap: reason=class_check action=maybe_recompile pc=0x0000000002e893e0 method=java.lang.String.equals(Ljava/lang/Object;)Z @ 8
Event: 2083.632 Thread 0x000000001d65e800 Uncommon trap: reason=class_check action=maybe_recompile pc=0x0000000002e893e0 method=java.lang.String.equals(Ljava/lang/Object;)Z @ 8

Classes redefined (0 events):
No events

Internal exceptions (10 events):
Event: 2076.449 Thread 0x000000001a992800 Exception <a 'java/lang/NoSuchMethodError': <clinit>> (0x00000000e964bf78) thrown at [D:\src\AOSP-openjdk-cygwin\jdk8u\hotspot\src\share\vm\prims\jni.cpp, line 1614]
Event: 2076.463 Thread 0x000000001a992800 Exception <a 'java/lang/NoSuchMethodError': <clinit>> (0x00000000e96986b8) thrown at [D:\src\AOSP-openjdk-cygwin\jdk8u\hotspot\src\share\vm\prims\jni.cpp, line 1614]
Event: 2076.466 Thread 0x000000001a992800 Exception <a 'java/lang/NoSuchMethodError': <clinit>> (0x00000000e96c5908) thrown at [D:\src\AOSP-openjdk-cygwin\jdk8u\hotspot\src\share\vm\prims\jni.cpp, line 1614]
Event: 2081.773 Thread 0x000000001e450800 Exception <a 'sun/nio/fs/WindowsException'> (0x00000000e98b4fa0) thrown at [D:\src\AOSP-openjdk-cygwin\jdk8u\hotspot\src\share\vm\prims\jni.cpp, line 710]
Event: 2081.773 Thread 0x000000001e450800 Exception <a 'sun/nio/fs/WindowsException'> (0x00000000e98b57a8) thrown at [D:\src\AOSP-openjdk-cygwin\jdk8u\hotspot\src\share\vm\prims\jni.cpp, line 710]
Event: 2083.021 Thread 0x000000001e450800 Implicit null exception at 0x0000000004d837a1 to 0x0000000004d83d8d
Event: 2083.042 Thread 0x000000001a992800 Exception <a 'java/lang/reflect/InvocationTargetException'> (0x00000000e96e7518) thrown at [D:\src\AOSP-openjdk-cygwin\jdk8u\hotspot\src\share\vm\runtime\reflection.cpp, line 1092]
Event: 2083.139 Thread 0x000000001d660800 Exception <a 'java/lang/NoSuchMethodError': <clinit>> (0x00000000e9125738) thrown at [D:\src\AOSP-openjdk-cygwin\jdk8u\hotspot\src\share\vm\prims\jni.cpp, line 1614]
Event: 2083.140 Thread 0x000000001d660800 Exception <a 'java/lang/NoSuchMethodError': <clinit>> (0x00000000e912ed00) thrown at [D:\src\AOSP-openjdk-cygwin\jdk8u\hotspot\src\share\vm\prims\jni.cpp, line 1614]
Event: 2083.341 Thread 0x000000001d65e800 Exception <a 'sun/nio/fs/WindowsException'> (0x00000000e73e8860) thrown at [D:\src\AOSP-openjdk-cygwin\jdk8u\hotspot\src\share\vm\prims\jni.cpp, line 710]

Events (10 events):
Event: 2083.632 Thread 0x000000001d65e800 Uncommon trap: trap_request=0xffffffde fr.pc=0x0000000002e893e0
Event: 2083.632 Thread 0x000000001d65e800 DEOPT PACKING pc=0x0000000002e893e0 sp=0x000000001b7ac200
Event: 2083.632 Thread 0x000000001d65e800 DEOPT UNPACKING pc=0x0000000002ce557b sp=0x000000001b7ac190 mode 2
Event: 2083.632 Thread 0x000000001d65e800 Uncommon trap: trap_request=0xffffffde fr.pc=0x0000000002e893e0
Event: 2083.632 Thread 0x000000001d65e800 DEOPT PACKING pc=0x0000000002e893e0 sp=0x000000001b7ac200
Event: 2083.632 Thread 0x000000001d65e800 DEOPT UNPACKING pc=0x0000000002ce557b sp=0x000000001b7ac190 mode 2
Event: 2083.653 loading class java/io/NotSerializableException
Event: 2083.653 loading class java/io/NotSerializableException done
Event: 2083.664 Thread 0x000000001d65e800 DEOPT PACKING pc=0x0000000004eddc8d sp=0x000000001b7abd80
Event: 2083.664 Thread 0x000000001d65e800 DEOPT UNPACKING pc=0x0000000002ce71d0 sp=0x000000001b7abac0 mode 0


Dynamic libraries:
0x00007ff608750000 - 0x00007ff608781000 	C:\Program Files\Android\Android Studio\jre\bin\java.exe
0x00007ff989ef0000 - 0x00007ff98a0e4000 	C:\WINDOWS\SYSTEM32\ntdll.dll
0x00007ff988020000 - 0x00007ff9880dd000 	C:\WINDOWS\System32\KERNEL32.DLL
0x00007ff987c50000 - 0x00007ff987f17000 	C:\WINDOWS\System32\KERNELBASE.dll
0x00007ff988ee0000 - 0x00007ff988f8a000 	C:\WINDOWS\System32\ADVAPI32.dll
0x00007ff9888c0000 - 0x00007ff98895e000 	C:\WINDOWS\System32\msvcrt.dll
0x00007ff987f50000 - 0x00007ff987feb000 	C:\WINDOWS\System32\sechost.dll
0x00007ff9880e0000 - 0x00007ff988203000 	C:\WINDOWS\System32\RPCRT4.dll
0x00007ff989100000 - 0x00007ff9892a0000 	C:\WINDOWS\System32\USER32.dll
0x00007ff9876e0000 - 0x00007ff987702000 	C:\WINDOWS\System32\win32u.dll
0x00007ff988210000 - 0x00007ff98823a000 	C:\WINDOWS\System32\GDI32.dll
0x00007ff987b40000 - 0x00007ff987c4a000 	C:\WINDOWS\System32\gdi32full.dll
0x00007ff987aa0000 - 0x00007ff987b3d000 	C:\WINDOWS\System32\msvcp_win.dll
0x00007ff987940000 - 0x00007ff987a40000 	C:\WINDOWS\System32\ucrtbase.dll
0x00007ff9792b0000 - 0x00007ff97954a000 	C:\WINDOWS\WinSxS\amd64_microsoft.windows.common-controls_6595b64144ccf1df_6.0.19041.1_none_b555e41d4684ddec\COMCTL32.dll
0x00007ff989070000 - 0x00007ff9890a0000 	C:\WINDOWS\System32\IMM32.DLL
0x000000005cc70000 - 0x000000005cd42000 	C:\Program Files\Android\Android Studio\jre\jre\bin\msvcr100.dll
0x000000005d6e0000 - 0x000000005df26000 	C:\Program Files\Android\Android Studio\jre\jre\bin\server\jvm.dll
0x00007ff988010000 - 0x00007ff988018000 	C:\WINDOWS\System32\PSAPI.DLL
0x00007ff976bd0000 - 0x00007ff976bd9000 	C:\WINDOWS\SYSTEM32\WSOCK32.dll
0x00007ff97f530000 - 0x00007ff97f557000 	C:\WINDOWS\SYSTEM32\WINMM.dll
0x00007ff97f560000 - 0x00007ff97f56a000 	C:\WINDOWS\SYSTEM32\VERSION.dll
0x00007ff988770000 - 0x00007ff9887db000 	C:\WINDOWS\System32\WS2_32.dll
0x00007ff981e60000 - 0x00007ff981e6f000 	C:\Program Files\Android\Android Studio\jre\jre\bin\verify.dll
0x00007ff978340000 - 0x00007ff978369000 	C:\Program Files\Android\Android Studio\jre\jre\bin\java.dll
0x00007ff981780000 - 0x00007ff981796000 	C:\Program Files\Android\Android Studio\jre\jre\bin\zip.dll
0x00007ff9892a0000 - 0x00007ff9899d1000 	C:\WINDOWS\System32\SHELL32.dll
0x00007ff9857a0000 - 0x00007ff985f2a000 	C:\WINDOWS\SYSTEM32\windows.storage.dll
0x00007ff9889c0000 - 0x00007ff988d14000 	C:\WINDOWS\System32\combase.dll
0x00007ff986f10000 - 0x00007ff986f3b000 	C:\WINDOWS\SYSTEM32\Wldp.dll
0x00007ff989b10000 - 0x00007ff989bbe000 	C:\WINDOWS\System32\SHCORE.dll
0x00007ff988860000 - 0x00007ff9888b5000 	C:\WINDOWS\System32\shlwapi.dll
0x00007ff987570000 - 0x00007ff98758f000 	C:\WINDOWS\SYSTEM32\profapi.dll
0x00007ff978320000 - 0x00007ff97833a000 	C:\Program Files\Android\Android Studio\jre\jre\bin\net.dll
0x00007ff97a4d0000 - 0x00007ff97a6bd000 	C:\WINDOWS\SYSTEM32\urlmon.dll
0x00007ff97a800000 - 0x00007ff97aaae000 	C:\WINDOWS\SYSTEM32\iertutil.dll
0x00007ff986d00000 - 0x00007ff986d6a000 	C:\WINDOWS\system32\mswsock.dll
0x00007ff975640000 - 0x00007ff975653000 	C:\Program Files\Android\Android Studio\jre\jre\bin\nio.dll
0x00007ff95bc90000 - 0x00007ff95bcb6000 	C:\Users\leand\.gradle\native\30\windows-amd64\native-platform.dll
0x00007ff97bda0000 - 0x00007ff97bdad000 	C:\Program Files\Android\Android Studio\jre\jre\bin\management.dll
0x00007ff986f50000 - 0x00007ff986f68000 	C:\WINDOWS\SYSTEM32\CRYPTSP.dll
0x00007ff9866b0000 - 0x00007ff9866e4000 	C:\WINDOWS\system32\rsaenh.dll
0x00007ff987f20000 - 0x00007ff987f47000 	C:\WINDOWS\System32\bcrypt.dll
0x00007ff987530000 - 0x00007ff98755e000 	C:\WINDOWS\SYSTEM32\USERENV.dll
0x00007ff987710000 - 0x00007ff98778f000 	C:\WINDOWS\System32\bcryptprimitives.dll
0x00007ff986e80000 - 0x00007ff986e8c000 	C:\WINDOWS\SYSTEM32\CRYPTBASE.dll
0x00007ff986a10000 - 0x00007ff986a4b000 	C:\WINDOWS\SYSTEM32\IPHLPAPI.DLL
0x00007ff989b00000 - 0x00007ff989b09000 	C:\WINDOWS\System32\NSI.dll
0x00007ff981020000 - 0x00007ff981037000 	C:\WINDOWS\SYSTEM32\dhcpcsvc6.DLL
0x00007ff980f70000 - 0x00007ff980f8d000 	C:\WINDOWS\SYSTEM32\dhcpcsvc.DLL
0x00007ff986a50000 - 0x00007ff986b1a000 	C:\WINDOWS\SYSTEM32\DNSAPI.dll

VM Arguments:
jvm_args: -Xmx1536m -Dfile.encoding=windows-1252 -Duser.country=BR -Duser.language=pt -Duser.variant 
java_command: org.gradle.launcher.daemon.bootstrap.GradleDaemon 5.6.4
java_class_path (initial): C:\Users\leand\.gradle\wrapper\dists\gradle-5.6.4-all\ankdp27end7byghfw1q2sw75f\gradle-5.6.4\lib\gradle-launcher-5.6.4.jar
Launcher Type: SUN_STANDARD

Environment Variables:
JAVA_HOME=C:\Program Files\Java\jdk1.8.0_241
PATH=C:\Program Files\AdoptOpenJDK\jdk-11.0.6.10-hotspot\bin;C:\VulkanSDK\1.1.130.0\Bin;C:\Program Files (x86)\Common Files\Oracle\Java\javapath;C:\WINDOWS\system32;C:\WINDOWS;C:\WINDOWS\System32\Wbem;C:\WINDOWS\System32\WindowsPowerShell\v1.0\;C:\WINDOWS\System32\OpenSSH\;C:\Program Files\Git\cmd;C:\apache-maven-3.6.3\bin;C:\axis2-1.7.9\bin;C:\MinGW\bin;C:\Program Files\OpenSSL-Win64\bin;C:\Program Files\dotnet\;C:\xampp\php;C:\Program Files\Java\jdk1.8.0_241\bin;C:\Program Files\Docker\Docker\resources\bin;C:\ProgramData\DockerDesktop\version-bin;C:\Program Files\PuTTY\;C:\Go\bin;C:\Program Files\nodejs\;%GOPATH%\bin;C:\ProgramData\ComposerSetup\bin;C:\Program Files (x86)\WinMerge;C:\Users\leand\AppData\Local\Microsoft\WindowsApps;;C:\Users\leand\AppData\Local\Programs\Microsoft VS Code\bin;C:\Users\leand\go\bin;C:\Users\leand\AppData\Roaming\npm;C:\Users\leand\AppData\Roaming\Composer\vendor\bin;C:\Program Files (x86)\Nmap
USERNAME=leand
OS=Windows_NT
PROCESSOR_IDENTIFIER=AMD64 Family 21 Model 19 Stepping 1, AuthenticAMD



---------------  S Y S T E M  ---------------

OS: Windows 10.0 , 64 bit Build 19041 (10.0.19041.1)

CPU:total 4 (initial active 4) (4 cores per cpu, 1 threads per core) family 21 model 19 stepping 1, cmov, cx8, fxsr, mmx, sse, sse2, sse3, ssse3, sse4.1, sse4.2, popcnt, avx, aes, clmul, mmxext, 3dnowpref, lzcnt, sse4a, tsc, tscinvbit, tscinv, bmi1

Memory: 4k page, physical 12463284k(1938108k free), swap 16559280k(4224k free)

vm_info: OpenJDK 64-Bit Server VM (25.212-b04) for windows-amd64 JRE (1.8.0_212-release-1586-b04), built by "builder" with MS VC++ 10.0 (VS2010)

time: Mon Apr 13 21:47:14 2020
timezone: Hora oficial do Brasil
elapsed time: 2083 seconds (0d 0h 34m 43s)

