#
# There is insufficient memory for the Java Runtime Environment to continue.
# Native memory allocation (malloc) failed to allocate 1062336 bytes for Chunk::new
# Possible reasons:
#   The system is out of physical RAM or swap space
#   The process is running with CompressedOops enabled, and the Java Heap may be blocking the growth of the native heap
# Possible solutions:
#   Reduce memory load on the system
#   Increase physical memory or swap space
#   Check if swap backing store is full
#   Decrease Java heap size (-Xmx/-Xms)
#   Decrease number of Java threads
#   Decrease Java thread stack sizes (-Xss)
#   Set larger code cache with -XX:ReservedCodeCacheSize=
#   JVM is running with Unscaled Compressed Oops mode in which the Java heap is
#     placed in the first 4GB address space. The Java Heap base address is the
#     maximum limit for the native heap growth. Please use -XX:HeapBaseMinAddress
#     to set the Java Heap base and to place the Java Heap above 4GB virtual address.
# This output file may be truncated or incomplete.
#
#  Out of Memory Error (allocation.cpp:389), pid=8408, tid=0x000000000000558c
#
# JRE version: OpenJDK Runtime Environment (8.0_212-b04) (build 1.8.0_212-release-1586-b04)
# Java VM: OpenJDK 64-Bit Server VM (25.212-b04 mixed mode windows-amd64 compressed oops)
# Failed to write core dump. Minidumps are not enabled by default on client versions of Windows
#

---------------  T H R E A D  ---------------

Current thread (0x000000001699f800):  JavaThread "C2 CompilerThread1" daemon [_thread_in_native, id=21900, stack(0x0000000018100000,0x0000000018200000)]

Stack: [0x0000000018100000,0x0000000018200000]
[error occurred during error reporting (printing stack bounds), id 0xc0000005]

Native frames: (J=compiled Java code, j=interpreted, Vv=VM code, C=native code)


Current CompileTask:
C2: 736990 23045       4       com.android.tools.r8.dex.j::f (704 bytes)


---------------  P R O C E S S  ---------------

Java Threads: ( => current thread )
  0x000000001a5f4800 JavaThread "ForkJoinPool-20-worker-0" daemon [_thread_blocked, id=30692, stack(0x0000000027e10000,0x0000000027f10000)]
  0x000000001a5f3000 JavaThread "ForkJoinPool-20-worker-3" daemon [_thread_blocked, id=21384, stack(0x0000000027d10000,0x0000000027e10000)]
  0x000000001a5f2000 JavaThread "ForkJoinPool-20-worker-2" daemon [_thread_blocked, id=21332, stack(0x0000000027c10000,0x0000000027d10000)]
  0x000000001a5f0800 JavaThread "ForkJoinPool-20-worker-1" daemon [_thread_blocked, id=7752, stack(0x00000000259a0000,0x0000000025aa0000)]
  0x000000001a5ee800 JavaThread "WorkerExecutor Queue Thread 6" [_thread_blocked, id=14056, stack(0x00000000238d0000,0x00000000239d0000)]
  0x000000001fe16800 JavaThread "WorkerExecutor Queue Thread 5" [_thread_blocked, id=20364, stack(0x0000000025aa0000,0x0000000025ba0000)]
  0x000000001fe18800 JavaThread "WorkerExecutor Queue Thread 3" [_thread_in_Java, id=25720, stack(0x00000000256a0000,0x00000000257a0000)]
  0x000000001fe19800 JavaThread "stdout" [_thread_in_native, id=1404, stack(0x0000000023fd0000,0x00000000240d0000)]
  0x000000001fe15000 JavaThread "stderr" [_thread_in_native, id=15532, stack(0x0000000023cd0000,0x0000000023dd0000)]
  0x000000001fe0c000 JavaThread "pool-27-thread-1" [_thread_blocked, id=31084, stack(0x00000000239d0000,0x0000000023ad0000)]
  0x000000001fe0b000 JavaThread "WorkerExecutor Queue" [_thread_blocked, id=14284, stack(0x00000000237d0000,0x00000000238d0000)]
  0x000000001fe12000 JavaThread "Cache worker for execution history cache (E:\Trampos\Android\Atividade2\.gradle\5.6.4\executionHistory)" [_thread_blocked, id=25580, stack(0x00000000236d0000,0x00000000237d0000)]
  0x000000001fe0a800 JavaThread "Execution worker for ':' Thread 3" [_thread_blocked, id=16100, stack(0x00000000235d0000,0x00000000236d0000)]
  0x000000001fe11000 JavaThread "Execution worker for ':' Thread 2" [_thread_blocked, id=7448, stack(0x00000000232d0000,0x00000000233d0000)]
  0x000000001fe10800 JavaThread "Execution worker for ':'" [_thread_blocked, id=9704, stack(0x00000000231d0000,0x00000000232d0000)]
  0x000000001fe0f000 JavaThread "Cache worker for file content cache (E:\Trampos\Android\Atividade2\.gradle\5.6.4\fileContent)" [_thread_blocked, id=11580, stack(0x0000000022bd0000,0x0000000022cd0000)]
  0x000000001fe0d800 JavaThread "Cache worker for Build Output Cleanup Cache (E:\Trampos\Android\Atividade2\.gradle\buildOutputCleanup)" [_thread_blocked, id=31424, stack(0x00000000226d0000,0x00000000227d0000)]
  0x000000001d092000 JavaThread "pool-26-thread-1" [_thread_blocked, id=24320, stack(0x0000000021870000,0x0000000021970000)]
  0x000000001d090800 JavaThread "Build operations Thread 4" [_thread_blocked, id=20824, stack(0x0000000021770000,0x0000000021870000)]
  0x000000001d08f000 JavaThread "Build operations Thread 3" [_thread_blocked, id=19440, stack(0x0000000021070000,0x0000000021170000)]
  0x000000001d093000 JavaThread "Build operations Thread 2" [_thread_blocked, id=6092, stack(0x0000000020f70000,0x0000000021070000)]
  0x000000001d08e800 JavaThread "Build operations" [_thread_blocked, id=28340, stack(0x0000000020e70000,0x0000000020f70000)]
  0x000000001d087000 JavaThread "Cache worker for cache directory md-rule (C:\Users\leand\.gradle\caches\5.6.4\md-rule)" [_thread_blocked, id=22876, stack(0x0000000020d70000,0x0000000020e70000)]
  0x000000001d08d800 JavaThread "Cache worker for cache directory md-supplier (C:\Users\leand\.gradle\caches\5.6.4\md-supplier)" [_thread_blocked, id=31928, stack(0x0000000020770000,0x0000000020870000)]
  0x000000001d086000 JavaThread "Cache worker for file hash cache (E:\Trampos\Android\Atividade2\.gradle\5.6.4\fileHashes)" [_thread_blocked, id=17112, stack(0x000000001c240000,0x000000001c340000)]
  0x000000001d088800 JavaThread "Thread-301" [_thread_blocked, id=14676, stack(0x000000001bf40000,0x000000001c040000)]
  0x000000001d08c000 JavaThread "Stdin handler" [_thread_blocked, id=24832, stack(0x000000001be40000,0x000000001bf40000)]
  0x000000001d089000 JavaThread "Asynchronous log dispatcher for DefaultDaemonConnection: socket connection from /127.0.0.1:11226 to /127.0.0.1:11790" [_thread_blocked, id=29260, stack(0x000000001bb40000,0x000000001bc40000)]
  0x000000001d08a000 JavaThread "Cancel handler" [_thread_blocked, id=25356, stack(0x00000000013f0000,0x00000000014f0000)]
  0x000000001d08b800 JavaThread "Handler for socket connection from /127.0.0.1:11226 to /127.0.0.1:11790" [_thread_in_native, id=19252, stack(0x00000000012f0000,0x00000000013f0000)]
  0x000000001fe0c800 JavaThread "Daemon worker Thread 5" [_thread_blocked, id=23952, stack(0x000000001ba40000,0x000000001bb40000)]
  0x000000001fe0e000 JavaThread "Daemon Thread 5" [_thread_blocked, id=32220, stack(0x00000000010d0000,0x00000000011d0000)]
  0x000000001d095000 JavaThread "Cache worker for Java compile cache (C:\Users\leand\.gradle\caches\5.6.4\javaCompile)" [_thread_blocked, id=30276, stack(0x0000000022ed0000,0x0000000022fd0000)]
  0x000000001a5f5000 JavaThread "Cache worker for file content cache (C:\Users\leand\.gradle\caches\5.6.4\fileContent)" [_thread_blocked, id=26284, stack(0x00000000225d0000,0x00000000226d0000)]
  0x000000001a5eb800 JavaThread "Memory manager" [_thread_blocked, id=27004, stack(0x0000000022060000,0x0000000022160000)]
  0x000000001a5ed000 JavaThread "Cache worker for execution history cache (C:\Users\leand\.gradle\caches\5.6.4\executionHistory)" [_thread_blocked, id=12128, stack(0x0000000020a70000,0x0000000020b70000)]
  0x000000001a2fd800 JavaThread "Cache worker for journal cache (C:\Users\leand\.gradle\caches\journal-1)" [_thread_blocked, id=1556, stack(0x000000001c740000,0x000000001c840000)]
  0x000000001a2fc800 JavaThread "File lock request listener" [_thread_in_native, id=3860, stack(0x000000001c640000,0x000000001c740000)]
  0x000000001a265000 JavaThread "Cache worker for file hash cache (C:\Users\leand\.gradle\caches\5.6.4\fileHashes)" [_thread_blocked, id=3716, stack(0x000000001c340000,0x000000001c440000)]
  0x000000001a136800 JavaThread "Daemon periodic checks" [_thread_blocked, id=9076, stack(0x000000001b940000,0x000000001ba40000)]
  0x000000001a135000 JavaThread "Incoming local TCP Connector on port 11226" [_thread_in_native, id=10056, stack(0x000000001b6e0000,0x000000001b7e0000)]
  0x000000001a112800 JavaThread "Daemon health stats" [_thread_blocked, id=13428, stack(0x000000001b0a0000,0x000000001b1a0000)]
  0x0000000018330800 JavaThread "Service Thread" daemon [_thread_blocked, id=10832, stack(0x0000000018700000,0x0000000018800000)]
  0x00000000169b0800 JavaThread "C1 CompilerThread2" daemon [_thread_blocked, id=13572, stack(0x0000000018200000,0x0000000018300000)]
=>0x000000001699f800 JavaThread "C2 CompilerThread1" daemon [_thread_in_native, id=21900, stack(0x0000000018100000,0x0000000018200000)]
  0x000000001699b800 JavaThread "C2 CompilerThread0" daemon [_thread_in_native, id=15316, stack(0x0000000018000000,0x0000000018100000)]
  0x000000001699a800 JavaThread "Attach Listener" daemon [_thread_blocked, id=19260, stack(0x0000000017f00000,0x0000000018000000)]
  0x0000000016999000 JavaThread "Signal Dispatcher" daemon [_thread_blocked, id=30032, stack(0x0000000017e00000,0x0000000017f00000)]
  0x000000000302b000 JavaThread "Finalizer" daemon [_thread_blocked, id=18584, stack(0x0000000017bf0000,0x0000000017cf0000)]
  0x0000000016989000 JavaThread "Reference Handler" daemon [_thread_blocked, id=19880, stack(0x0000000017af0000,0x0000000017bf0000)]
  0x0000000002f2e800 JavaThread "main" [_thread_blocked, id=16976, stack(0x0000000002df0000,0x0000000002ef0000)]

Other Threads:
  0x0000000016966800 VMThread [stack: 0x00000000179f0000,0x0000000017af0000] [id=16748]
  0x0000000018332000 WatcherThread [stack: 0x0000000018800000,0x0000000018900000] [id=3280]

VM state:not at safepoint (normal execution)

VM Mutex/Monitor currently owned by a thread: None

heap address: 0x00000000a0000000, size: 1536 MB, Compressed Oops mode: 32-bit
Narrow klass base: 0x0000000000000000, Narrow klass shift: 3
Compressed class space size: 1073741824 Address: 0x0000000100000000

Heap:
 PSYoungGen      total 474112K, used 351003K [0x00000000e0000000, 0x0000000100000000, 0x0000000100000000)
  eden space 422912K, 76% used [0x00000000e0000000,0x00000000f3d16680,0x00000000f9d00000)
  from space 51200K, 51% used [0x00000000fce00000,0x00000000fe7b05b0,0x0000000100000000)
  to   space 50176K, 0% used [0x00000000f9d00000,0x00000000f9d00000,0x00000000fce00000)
 ParOldGen       total 178176K, used 43296K [0x00000000a0000000, 0x00000000aae00000, 0x00000000e0000000)
  object space 178176K, 24% used [0x00000000a0000000,0x00000000a2a48300,0x00000000aae00000)
 Metaspace       used 90471K, capacity 95270K, committed 95360K, reserved 1132544K
  class space    used 11542K, capacity 12392K, committed 12416K, reserved 1048576K

Card table byte_map: [0x00000000123f0000,0x0000000012700000] byte_map_base: 0x0000000011ef0000

Marking Bits: (ParMarkBitMap*) 0x0000000053479f30
 Begin Bits: [0x0000000012d00000, 0x0000000014500000)
 End Bits:   [0x0000000014500000, 0x0000000015d00000)

Polling page: 0x00000000011e0000

CodeCache: size=245760Kb used=64955Kb max_used=64955Kb free=180804Kb
 bounds [0x0000000003030000, 0x0000000007000000, 0x0000000012030000]
 total_blobs=19099 nmethods=18226 adapters=785
 compilation: enabled

Compilation events (10 events):
Event: 736.833 Thread 0x00000000169b0800 23108       3       com.android.tools.r8.dex.j::e (498 bytes)
Event: 736.837 Thread 0x00000000169b0800 nmethod 23108 0x0000000006fea250 code [0x0000000006fea800, 0x0000000006fee928]
Event: 736.839 Thread 0x00000000169b0800 23109       2       com.android.tools.r8.graph.u::d (71 bytes)
Event: 736.840 Thread 0x00000000169b0800 nmethod 23109 0x0000000006ff2250 code [0x0000000006ff2400, 0x0000000006ff28a8]
Event: 736.942 Thread 0x00000000169b0800 23112       2       com.android.tools.r8.code.u2::a (1 bytes)
Event: 736.942 Thread 0x00000000169b0800 nmethod 23112 0x0000000006ff2cd0 code [0x0000000006ff2e20, 0x0000000006ff2f70]
Event: 736.983 Thread 0x00000000169b0800 23113       1       com.android.tools.r8.code.e::a (1 bytes)
Event: 736.983 Thread 0x00000000169b0800 nmethod 23113 0x0000000006f6ea90 code [0x0000000006f6ebe0, 0x0000000006f6ecf0]
Event: 736.984 Thread 0x00000000169b0800 23116       2       com.android.tools.r8.code.P::a (1 bytes)
Event: 736.985 Thread 0x00000000169b0800 nmethod 23116 0x0000000006ff3010 code [0x0000000006ff3160, 0x0000000006ff32b0]

GC Heap History (10 events):
Event: 722.630 GC heap before
{Heap before GC invocations=23 (full 3):
 PSYoungGen      total 442880K, used 438826K [0x00000000e0000000, 0x00000000ffc00000, 0x0000000100000000)
  eden space 407552K, 100% used [0x00000000e0000000,0x00000000f8e00000,0x00000000f8e00000)
  from space 35328K, 88% used [0x00000000f8e00000,0x00000000fac8aab8,0x00000000fb080000)
  to   space 38400K, 0% used [0x00000000fd680000,0x00000000fd680000,0x00000000ffc00000)
 ParOldGen       total 178176K, used 35293K [0x00000000a0000000, 0x00000000aae00000, 0x00000000e0000000)
  object space 178176K, 19% used [0x00000000a0000000,0x00000000a2277708,0x00000000aae00000)
 Metaspace       used 89947K, capacity 94632K, committed 94848K, reserved 1132544K
  class space    used 11485K, capacity 12309K, committed 12416K, reserved 1048576K
Event: 722.690 GC heap after
Heap after GC invocations=23 (full 3):
 PSYoungGen      total 473600K, used 32019K [0x00000000e0000000, 0x00000000ffb00000, 0x0000000100000000)
  eden space 436224K, 0% used [0x00000000e0000000,0x00000000e0000000,0x00000000faa00000)
  from space 37376K, 85% used [0x00000000fd680000,0x00000000ff5c4c00,0x00000000ffb00000)
  to   space 41472K, 0% used [0x00000000faa00000,0x00000000faa00000,0x00000000fd280000)
 ParOldGen       total 178176K, used 35301K [0x00000000a0000000, 0x00000000aae00000, 0x00000000e0000000)
  object space 178176K, 19% used [0x00000000a0000000,0x00000000a2279708,0x00000000aae00000)
 Metaspace       used 89947K, capacity 94632K, committed 94848K, reserved 1132544K
  class space    used 11485K, capacity 12309K, committed 12416K, reserved 1048576K
}
Event: 728.362 GC heap before
{Heap before GC invocations=24 (full 3):
 PSYoungGen      total 473600K, used 468243K [0x00000000e0000000, 0x00000000ffb00000, 0x0000000100000000)
  eden space 436224K, 100% used [0x00000000e0000000,0x00000000faa00000,0x00000000faa00000)
  from space 37376K, 85% used [0x00000000fd680000,0x00000000ff5c4c00,0x00000000ffb00000)
  to   space 41472K, 0% used [0x00000000faa00000,0x00000000faa00000,0x00000000fd280000)
 ParOldGen       total 178176K, used 35744K [0x00000000a0000000, 0x00000000aae00000, 0x00000000e0000000)
  object space 178176K, 20% used [0x00000000a0000000,0x00000000a22e8048,0x00000000aae00000)
 Metaspace       used 90342K, capacity 95026K, committed 95104K, reserved 1132544K
  class space    used 11531K, capacity 12374K, committed 12416K, reserved 1048576K
Event: 728.511 GC heap after
Heap after GC invocations=24 (full 3):
 PSYoungGen      total 477696K, used 32392K [0x00000000e0000000, 0x0000000100000000, 0x0000000100000000)
  eden space 436224K, 0% used [0x00000000e0000000,0x00000000e0000000,0x00000000faa00000)
  from space 41472K, 78% used [0x00000000faa00000,0x00000000fc9a2150,0x00000000fd280000)
  to   space 43520K, 0% used [0x00000000fd580000,0x00000000fd580000,0x0000000100000000)
 ParOldGen       total 178176K, used 35744K [0x00000000a0000000, 0x00000000aae00000, 0x00000000e0000000)
  object space 178176K, 20% used [0x00000000a0000000,0x00000000a22e8048,0x00000000aae00000)
 Metaspace       used 90342K, capacity 95026K, committed 95104K, reserved 1132544K
  class space    used 11531K, capacity 12374K, committed 12416K, reserved 1048576K
}
Event: 730.186 GC heap before
{Heap before GC invocations=25 (full 3):
 PSYoungGen      total 477696K, used 468616K [0x00000000e0000000, 0x0000000100000000, 0x0000000100000000)
  eden space 436224K, 100% used [0x00000000e0000000,0x00000000faa00000,0x00000000faa00000)
  from space 41472K, 78% used [0x00000000faa00000,0x00000000fc9a2150,0x00000000fd280000)
  to   space 43520K, 0% used [0x00000000fd580000,0x00000000fd580000,0x0000000100000000)
 ParOldGen       total 178176K, used 35745K [0x00000000a0000000, 0x00000000aae00000, 0x00000000e0000000)
  object space 178176K, 20% used [0x00000000a0000000,0x00000000a22e8730,0x00000000aae00000)
 Metaspace       used 90376K, capacity 95094K, committed 95360K, reserved 1132544K
  class space    used 11531K, capacity 12374K, committed 12416K, reserved 1048576K
Event: 730.247 GC heap after
Heap after GC invocations=25 (full 3):
 PSYoungGen      total 472576K, used 39163K [0x00000000e0000000, 0x0000000100000000, 0x0000000100000000)
  eden space 429056K, 0% used [0x00000000e0000000,0x00000000e0000000,0x00000000fa300000)
  from space 43520K, 89% used [0x00000000fd580000,0x00000000ffbbecb0,0x0000000100000000)
  to   space 47616K, 0% used [0x00000000fa300000,0x00000000fa300000,0x00000000fd180000)
 ParOldGen       total 178176K, used 35753K [0x00000000a0000000, 0x00000000aae00000, 0x00000000e0000000)
  object space 178176K, 20% used [0x00000000a0000000,0x00000000a22ea730,0x00000000aae00000)
 Metaspace       used 90376K, capacity 95094K, committed 95360K, reserved 1132544K
  class space    used 11531K, capacity 12374K, committed 12416K, reserved 1048576K
}
Event: 731.705 GC heap before
{Heap before GC invocations=26 (full 3):
 PSYoungGen      total 472576K, used 468219K [0x00000000e0000000, 0x0000000100000000, 0x0000000100000000)
  eden space 429056K, 100% used [0x00000000e0000000,0x00000000fa300000,0x00000000fa300000)
  from space 43520K, 89% used [0x00000000fd580000,0x00000000ffbbecb0,0x0000000100000000)
  to   space 47616K, 0% used [0x00000000fa300000,0x00000000fa300000,0x00000000fd180000)
 ParOldGen       total 178176K, used 35753K [0x00000000a0000000, 0x00000000aae00000, 0x00000000e0000000)
  object space 178176K, 20% used [0x00000000a0000000,0x00000000a22ea730,0x00000000aae00000)
 Metaspace       used 90434K, capacity 95202K, committed 95360K, reserved 1132544K
  class space    used 11541K, capacity 12392K, committed 12416K, reserved 1048576K
Event: 731.798 GC heap after
Heap after GC invocations=26 (full 3):
 PSYoungGen      total 473088K, used 43814K [0x00000000e0000000, 0x0000000100000000, 0x0000000100000000)
  eden space 429056K, 0% used [0x00000000e0000000,0x00000000e0000000,0x00000000fa300000)
  from space 44032K, 99% used [0x00000000fa300000,0x00000000fcdc9910,0x00000000fce00000)
  to   space 51200K, 0% used [0x00000000fce00000,0x00000000fce00000,0x0000000100000000)
 ParOldGen       total 178176K, used 35753K [0x00000000a0000000, 0x00000000aae00000, 0x00000000e0000000)
  object space 178176K, 20% used [0x00000000a0000000,0x00000000a22ea730,0x00000000aae00000)
 Metaspace       used 90434K, capacity 95202K, committed 95360K, reserved 1132544K
  class space    used 11541K, capacity 12392K, committed 12416K, reserved 1048576K
}
Event: 733.733 GC heap before
{Heap before GC invocations=27 (full 3):
 PSYoungGen      total 473088K, used 472870K [0x00000000e0000000, 0x0000000100000000, 0x0000000100000000)
  eden space 429056K, 100% used [0x00000000e0000000,0x00000000fa300000,0x00000000fa300000)
  from space 44032K, 99% used [0x00000000fa300000,0x00000000fcdc9910,0x00000000fce00000)
  to   space 51200K, 0% used [0x00000000fce00000,0x00000000fce00000,0x0000000100000000)
 ParOldGen       total 178176K, used 35753K [0x00000000a0000000, 0x00000000aae00000, 0x00000000e0000000)
  object space 178176K, 20% used [0x00000000a0000000,0x00000000a22ea730,0x00000000aae00000)
 Metaspace       used 90452K, capacity 95206K, committed 95360K, reserved 1132544K
  class space    used 11541K, capacity 12392K, committed 12416K, reserved 1048576K
Event: 733.822 GC heap after
Heap after GC invocations=27 (full 3):
 PSYoungGen      total 474112K, used 26305K [0x00000000e0000000, 0x0000000100000000, 0x0000000100000000)
  eden space 422912K, 0% used [0x00000000e0000000,0x00000000e0000000,0x00000000f9d00000)
  from space 51200K, 51% used [0x00000000fce00000,0x00000000fe7b05b0,0x0000000100000000)
  to   space 50176K, 0% used [0x00000000f9d00000,0x00000000f9d00000,0x00000000fce00000)
 ParOldGen       total 178176K, used 43296K [0x00000000a0000000, 0x00000000aae00000, 0x00000000e0000000)
  object space 178176K, 24% used [0x00000000a0000000,0x00000000a2a48300,0x00000000aae00000)
 Metaspace       used 90452K, capacity 95206K, committed 95360K, reserved 1132544K
  class space    used 11541K, capacity 12392K, committed 12416K, reserved 1048576K
}

Deoptimization events (10 events):
Event: 732.505 Thread 0x000000001fe18800 Uncommon trap: reason=array_check action=maybe_recompile pc=0x0000000003dc8238 method=java.util.TimSort.mergeLo(IIII)V @ 133
Event: 732.506 Thread 0x000000001fe18800 Uncommon trap: reason=array_check action=maybe_recompile pc=0x0000000006d847dc method=java.util.TimSort.mergeHi(IIII)V @ 171
Event: 732.506 Thread 0x000000001fe18800 Uncommon trap: reason=array_check action=maybe_recompile pc=0x0000000006d847dc method=java.util.TimSort.mergeHi(IIII)V @ 171
Event: 733.337 Thread 0x000000001fe0c800 Uncommon trap: reason=array_check action=maybe_recompile pc=0x0000000006385934 method=java.util.TimSort.mergeLo(IIII)V @ 468
Event: 733.337 Thread 0x000000001fe0c800 Uncommon trap: reason=array_check action=maybe_recompile pc=0x0000000006385934 method=java.util.TimSort.mergeLo(IIII)V @ 468
Event: 733.364 Thread 0x000000001fe0a800 Uncommon trap: reason=bimorphic action=maybe_recompile pc=0x00000000067e2ed8 method=com.google.common.collect.ImmutableCollection.toArray([Ljava/lang/Object;)[Ljava/lang/Object; @ 17
Event: 736.675 Thread 0x000000001a5f0800 Uncommon trap: reason=unstable_if action=reinterpret pc=0x0000000004223d40 method=java.util.concurrent.ConcurrentLinkedQueue.offer(Ljava/lang/Object;)Z @ 40
Event: 736.701 Thread 0x000000001a5f2000 Uncommon trap: reason=unstable_if action=reinterpret pc=0x0000000006fa1928 method=com.android.tools.r8.dex.j.j()Lcom/android/tools/r8/graph/DexValue; @ 56
Event: 736.763 Thread 0x000000001a5f0800 Uncommon trap: reason=unloaded action=reinterpret pc=0x000000000586ebb4 method=com.android.tools.r8.code.o1.a(Ljava/nio/ShortBuffer;IILcom/android/tools/r8/graph/F0;)[Lcom/android/tools/r8/code/n1; @ 3461
Event: 736.877 Thread 0x000000001fe18800 Uncommon trap: reason=null_check action=make_not_entrant pc=0x0000000006f81234 method=com.android.tools.r8.s.a.b.h.a(Ljava/lang/Object;)V @ 71

Classes redefined (0 events):
No events

Internal exceptions (10 events):
Event: 732.491 Thread 0x000000001fe0b000 Exception <a 'sun/nio/fs/WindowsException'> (0x00000000eaccb5d0) thrown at [D:\src\AOSP-openjdk-cygwin\jdk8u\hotspot\src\share\vm\prims\jni.cpp, line 710]
Event: 732.491 Thread 0x000000001fe0b000 Exception <a 'sun/nio/fs/WindowsException'> (0x00000000eaccbad8) thrown at [D:\src\AOSP-openjdk-cygwin\jdk8u\hotspot\src\share\vm\prims\jni.cpp, line 710]
Event: 732.491 Thread 0x000000001fe0b000 Exception <a 'sun/nio/fs/WindowsException'> (0x00000000eaccc8a0) thrown at [D:\src\AOSP-openjdk-cygwin\jdk8u\hotspot\src\share\vm\prims\jni.cpp, line 710]
Event: 732.908 Thread 0x000000001fe0b000 Exception <a 'sun/nio/fs/WindowsException'> (0x00000000eacd7b48) thrown at [D:\src\AOSP-openjdk-cygwin\jdk8u\hotspot\src\share\vm\prims\jni.cpp, line 710]
Event: 732.990 Thread 0x000000001fe0b000 Exception <a 'sun/nio/fs/WindowsException'> (0x00000000eacde1e8) thrown at [D:\src\AOSP-openjdk-cygwin\jdk8u\hotspot\src\share\vm\prims\jni.cpp, line 710]
Event: 733.384 Thread 0x000000001fe16800 Exception <a 'sun/nio/fs/WindowsException'> (0x00000000e9da1928) thrown at [D:\src\AOSP-openjdk-cygwin\jdk8u\hotspot\src\share\vm\prims\jni.cpp, line 710]
Event: 733.524 Thread 0x000000001fe0c800 Exception <a 'sun/nio/fs/WindowsException'> (0x00000000f8499f28) thrown at [D:\src\AOSP-openjdk-cygwin\jdk8u\hotspot\src\share\vm\prims\jni.cpp, line 710]
Event: 733.573 Thread 0x000000001fe17000 Exception <a 'sun/nio/fs/WindowsException'> (0x00000000f91285f0) thrown at [D:\src\AOSP-openjdk-cygwin\jdk8u\hotspot\src\share\vm\prims\jni.cpp, line 710]
Event: 736.291 Thread 0x000000001fe10800 Exception <a 'sun/nio/fs/WindowsException'> (0x00000000f0c7b6a0) thrown at [D:\src\AOSP-openjdk-cygwin\jdk8u\hotspot\src\share\vm\prims\jni.cpp, line 710]
Event: 736.567 Thread 0x000000001fe18800 Exception <a 'sun/nio/fs/WindowsException'> (0x00000000f12c82c8) thrown at [D:\src\AOSP-openjdk-cygwin\jdk8u\hotspot\src\share\vm\prims\jni.cpp, line 710]

Events (10 events):
Event: 736.838 Thread 0x000000001a5f4800 DEOPT UNPACKING pc=0x00000000030771d0 sp=0x0000000027f0e908 mode 0
Event: 736.843 Thread 0x000000001a5f4800 DEOPT PACKING pc=0x0000000005a18899 sp=0x0000000027f0eb30
Event: 736.843 Thread 0x000000001a5f4800 DEOPT UNPACKING pc=0x00000000030771d0 sp=0x0000000027f0e9c0 mode 0
Event: 736.860 Thread 0x000000001a5f4800 DEOPT PACKING pc=0x0000000005a18899 sp=0x0000000027f0eb30
Event: 736.861 Thread 0x000000001a5f4800 DEOPT UNPACKING pc=0x00000000030771d0 sp=0x0000000027f0e9c0 mode 0
Event: 736.871 Thread 0x000000001a5f4800 DEOPT PACKING pc=0x00000000059f0248 sp=0x0000000027f0ee40
Event: 736.871 Thread 0x000000001a5f4800 DEOPT UNPACKING pc=0x00000000030771d0 sp=0x0000000027f0eb30 mode 0
Event: 736.877 Thread 0x000000001fe18800 Uncommon trap: trap_request=0xfffffff4 fr.pc=0x0000000006f81234
Event: 736.877 Thread 0x000000001fe18800 DEOPT PACKING pc=0x0000000006f81234 sp=0x000000002579e090
Event: 736.877 Thread 0x000000001fe18800 DEOPT UNPACKING pc=0x000000000307557b sp=0x000000002579e020 mode 2


Dynamic libraries:
0x00007ff779590000 - 0x00007ff7795c1000 	C:\Program Files\Android\Android Studio\jre\bin\java.exe
0x00007fff1b6d0000 - 0x00007fff1b8c4000 	C:\WINDOWS\SYSTEM32\ntdll.dll
0x00007fff197e0000 - 0x00007fff1989d000 	C:\WINDOWS\System32\KERNEL32.DLL
0x00007fff19400000 - 0x00007fff196c7000 	C:\WINDOWS\System32\KERNELBASE.dll
0x00007fff1a890000 - 0x00007fff1a93a000 	C:\WINDOWS\System32\ADVAPI32.dll
0x00007fff1aca0000 - 0x00007fff1ad3e000 	C:\WINDOWS\System32\msvcrt.dll
0x00007fff1ac00000 - 0x00007fff1ac9b000 	C:\WINDOWS\System32\sechost.dll
0x00007fff1a5d0000 - 0x00007fff1a6f3000 	C:\WINDOWS\System32\RPCRT4.dll
0x00007fff1a220000 - 0x00007fff1a3c0000 	C:\WINDOWS\System32\USER32.dll
0x00007fff18f00000 - 0x00007fff18f22000 	C:\WINDOWS\System32\win32u.dll
0x00007fff19ff0000 - 0x00007fff1a01a000 	C:\WINDOWS\System32\GDI32.dll
0x00007fff18fe0000 - 0x00007fff190ea000 	C:\WINDOWS\System32\gdi32full.dll
0x00007fff18e10000 - 0x00007fff18ead000 	C:\WINDOWS\System32\msvcp_win.dll
0x00007fff19300000 - 0x00007fff19400000 	C:\WINDOWS\System32\ucrtbase.dll
0x00007fff01e90000 - 0x00007fff0212a000 	C:\WINDOWS\WinSxS\amd64_microsoft.windows.common-controls_6595b64144ccf1df_6.0.19041.1_none_b555e41d4684ddec\COMCTL32.dll
0x00007fff1a180000 - 0x00007fff1a1b0000 	C:\WINDOWS\System32\IMM32.DLL
0x0000000054800000 - 0x00000000548d2000 	C:\Program Files\Android\Android Studio\jre\jre\bin\msvcr100.dll
0x0000000052cb0000 - 0x00000000534f6000 	C:\Program Files\Android\Android Studio\jre\jre\bin\server\jvm.dll
0x00007fff198a0000 - 0x00007fff198a8000 	C:\WINDOWS\System32\PSAPI.DLL
0x00007fff119a0000 - 0x00007fff119aa000 	C:\WINDOWS\SYSTEM32\VERSION.dll
0x00007fff10d60000 - 0x00007fff10d87000 	C:\WINDOWS\SYSTEM32\WINMM.dll
0x00007fff040f0000 - 0x00007fff040f9000 	C:\WINDOWS\SYSTEM32\WSOCK32.dll
0x00007fff1a820000 - 0x00007fff1a88b000 	C:\WINDOWS\System32\WS2_32.dll
0x00007fff14ba0000 - 0x00007fff14baf000 	C:\Program Files\Android\Android Studio\jre\jre\bin\verify.dll
0x00007fff09ff0000 - 0x00007fff0a019000 	C:\Program Files\Android\Android Studio\jre\jre\bin\java.dll
0x00007fff0fec0000 - 0x00007fff0fed6000 	C:\Program Files\Android\Android Studio\jre\jre\bin\zip.dll
0x00007fff198b0000 - 0x00007fff19fe1000 	C:\WINDOWS\System32\SHELL32.dll
0x00007fff16f80000 - 0x00007fff1770a000 	C:\WINDOWS\SYSTEM32\windows.storage.dll
0x00007fff1ad40000 - 0x00007fff1b094000 	C:\WINDOWS\System32\combase.dll
0x00007fff187c0000 - 0x00007fff187eb000 	C:\WINDOWS\SYSTEM32\Wldp.dll
0x00007fff19730000 - 0x00007fff197de000 	C:\WINDOWS\System32\SHCORE.dll
0x00007fff1a940000 - 0x00007fff1a995000 	C:\WINDOWS\System32\shlwapi.dll
0x00007fff18d50000 - 0x00007fff18d6f000 	C:\WINDOWS\SYSTEM32\profapi.dll
0x00007fff0fa30000 - 0x00007fff0fa4a000 	C:\Program Files\Android\Android Studio\jre\jre\bin\net.dll
0x00007fff09dd0000 - 0x00007fff09fbd000 	C:\WINDOWS\SYSTEM32\urlmon.dll
0x00007fff0c2d0000 - 0x00007fff0c57e000 	C:\WINDOWS\SYSTEM32\iertutil.dll
0x00007fff185b0000 - 0x00007fff1861a000 	C:\WINDOWS\system32\mswsock.dll
0x00007fff0b730000 - 0x00007fff0b743000 	C:\Program Files\Android\Android Studio\jre\jre\bin\nio.dll
0x00007fff0b780000 - 0x00007fff0b7a6000 	C:\Users\leand\.gradle\native\30\windows-amd64\native-platform.dll
0x00007fff143e0000 - 0x00007fff143ed000 	C:\Program Files\Android\Android Studio\jre\jre\bin\management.dll
0x00007fff18800000 - 0x00007fff18818000 	C:\WINDOWS\SYSTEM32\CRYPTSP.dll
0x00007fff17ef0000 - 0x00007fff17f24000 	C:\WINDOWS\system32\rsaenh.dll
0x00007fff190f0000 - 0x00007fff19117000 	C:\WINDOWS\System32\bcrypt.dll
0x00007fff18d10000 - 0x00007fff18d3e000 	C:\WINDOWS\SYSTEM32\USERENV.dll
0x00007fff19120000 - 0x00007fff1919f000 	C:\WINDOWS\System32\bcryptprimitives.dll
0x00007fff18730000 - 0x00007fff1873c000 	C:\WINDOWS\SYSTEM32\CRYPTBASE.dll
0x00007fff18270000 - 0x00007fff182ab000 	C:\WINDOWS\SYSTEM32\IPHLPAPI.DLL
0x00007fff1a790000 - 0x00007fff1a799000 	C:\WINDOWS\System32\NSI.dll
0x00007fff12ec0000 - 0x00007fff12ed7000 	C:\WINDOWS\SYSTEM32\dhcpcsvc6.DLL
0x00007fff12ce0000 - 0x00007fff12cfd000 	C:\WINDOWS\SYSTEM32\dhcpcsvc.DLL
0x00007fff182c0000 - 0x00007fff1838a000 	C:\WINDOWS\SYSTEM32\DNSAPI.dll

VM Arguments:
jvm_args: -Xmx1536m -Dfile.encoding=windows-1252 -Duser.country=BR -Duser.language=pt -Duser.variant 
java_command: org.gradle.launcher.daemon.bootstrap.GradleDaemon 5.6.4
java_class_path (initial): C:\Users\leand\.gradle\wrapper\dists\gradle-5.6.4-all\ankdp27end7byghfw1q2sw75f\gradle-5.6.4\lib\gradle-launcher-5.6.4.jar
Launcher Type: SUN_STANDARD

Environment Variables:
JAVA_HOME=C:\Program Files\Java\jdk1.8.0_241
PATH=C:\Program Files\AdoptOpenJDK\jdk-11.0.6.10-hotspot\bin;C:\VulkanSDK\1.1.130.0\Bin;C:\Program Files (x86)\Common Files\Oracle\Java\javapath;C:\WINDOWS\system32;C:\WINDOWS;C:\WINDOWS\System32\Wbem;C:\WINDOWS\System32\WindowsPowerShell\v1.0\;C:\WINDOWS\System32\OpenSSH\;C:\Program Files\Git\cmd;C:\apache-maven-3.6.3\bin;C:\axis2-1.7.9\bin;C:\MinGW\bin;C:\Program Files\OpenSSL-Win64\bin;C:\Program Files\dotnet\;C:\xampp\php;C:\Program Files\Java\jdk1.8.0_241\bin;C:\Program Files\Docker\Docker\resources\bin;C:\ProgramData\DockerDesktop\version-bin;C:\Program Files\PuTTY\;C:\Go\bin;C:\Program Files\nodejs\;%GOPATH%\bin;C:\ProgramData\ComposerSetup\bin;C:\Program Files (x86)\WinMerge;C:\Users\leand\AppData\Local\Microsoft\WindowsApps;;C:\Users\leand\AppData\Local\Programs\Microsoft VS Code\bin;C:\Users\leand\go\bin;C:\Users\leand\AppData\Roaming\npm;C:\Users\leand\AppData\Roaming\Composer\vendor\bin;C:\Program Files (x86)\Nmap
USERNAME=leand
OS=Windows_NT
PROCESSOR_IDENTIFIER=AMD64 Family 21 Model 19 Stepping 1, AuthenticAMD



---------------  S Y S T E M  ---------------

OS: Windows 10.0 , 64 bit Build 19041 (10.0.19041.1)

CPU:total 4 (initial active 4) (4 cores per cpu, 1 threads per core) family 21 model 19 stepping 1, cmov, cx8, fxsr, mmx, sse, sse2, sse3, ssse3, sse4.1, sse4.2, popcnt, avx, aes, clmul, mmxext, 3dnowpref, lzcnt, sse4a, tsc, tscinvbit, tscinv, bmi1

Memory: 4k page, physical 12463284k(1407100k free), swap 16559280k(6036k free)

vm_info: OpenJDK 64-Bit Server VM (25.212-b04) for windows-amd64 JRE (1.8.0_212-release-1586-b04), built by "builder" with MS VC++ 10.0 (VS2010)

time: Mon Apr 06 01:16:07 2020
timezone: Hora oficial do Brasil
elapsed time: 737 seconds (0d 0h 12m 17s)

